#
# A fatal error has been detected by the Java Runtime Environment:
#
#  SIGSEGV (0xb) at pc=0xb7743467, pid=10442, tid=1737489216
#
# JRE version: OpenJDK Runtime Environment (7.0_65-b32) (build 1.7.0_65-b32)
# Java VM: OpenJDK Server VM (24.65-b04 mixed mode linux-x86 )
# Derivative: IcedTea 2.5.3
# Distribution: Ubuntu 14.04 LTS, package 7u71-2.5.3-0ubuntu0.14.04.1
# Problematic frame:
# C  [ld-linux.so.2+0x14467]
#
# Failed to write core dump. Core dumps have been disabled. To enable core dumping, try "ulimit -c unlimited" before starting Java again
#
# If you would like to submit a bug report, please include
# instructions on how to reproduce the bug and visit:
#   http://icedtea.classpath.org/bugzilla
# The crash happened outside the Java Virtual Machine in native code.
# See problematic frame for where to report the bug.
#

---------------  T H R E A D  ---------------

Current thread (0x67b85400):  JavaThread "Finalizer" daemon [_thread_in_native, id=10450, stack(0x678af000,0x67900000)]

siginfo:si_signo=SIGSEGV: si_errno=0, si_code=1 (SEGV_MAPERR), si_addr=0x00000204

Registers:
EAX=0xb774fd20, EBX=0xb7750000, ECX=0x00000000, EDX=0x678ffb3c
ESP=0x678fed30, EBP=0x678fed58, ESI=0x00000000, EDI=0xb774fd20
EIP=0xb7743467, EFLAGS=0x00010296, CR2=0x00000204

Top of Stack: (sp=0x678fed30)
0x678fed30:   00000000 00000000 00000005 00000024
0x678fed40:   00000000 b772b458 666d5f32 b754f000
0x678fed50:   00000000 b774fd20 678fee88 b754bdc2
0x678fed60:   00000000 b7750000 678fee74 67939ab0
0x678fed70:   678fee30 b754bda6 b7750000 b773dc26
0x678fed80:   00000000 00000000 00000000 678ffb3c
0x678fed90:   00000000 09d7f98c 09d7f990 09d7f988
0x678feda0:   b70e3000 09d7f98c 09d7f990 09d7f988 

Instructions: (pc=0xb7743467)
0xb7743447:   00 00 00 8d bf 00 00 00 00 55 89 e5 57 56 53 83
0xb7743457:   ec 1c 8b 75 08 e8 47 43 00 00 81 c3 9f cb 00 00
0xb7743467:   f6 86 04 02 00 00 08 75 32 8b 96 90 01 00 00 85
0xb7743477:   d2 74 5b 8d bb 04 05 00 00 89 3c 24 ff 93 38 08 

Register to memory mapping:

EAX=0xb774fd20: _rtld_global_ro+0 in /lib/ld-linux.so.2 at 0xb772f000
EBX=0xb7750000: <offset 0x21000> in /lib/ld-linux.so.2 at 0xb772f000
ECX=0x00000000 is an unknown value
EDX=0x678ffb3c is pointing into the stack for thread: 0x67b85400
ESP=0x678fed30 is pointing into the stack for thread: 0x67b85400
EBP=0x678fed58 is pointing into the stack for thread: 0x67b85400
ESI=0x00000000 is an unknown value
EDI=0xb774fd20: _rtld_global_ro+0 in /lib/ld-linux.so.2 at 0xb772f000


Stack: [0x678af000,0x67900000],  sp=0x678fed30,  free space=319k
Native frames: (J=compiled Java code, j=interpreted, Vv=VM code, C=native code)
C  [ld-linux.so.2+0x14467]
C  [libdl.so.2+0xdc2]
C  [libdl.so.2+0xdf8]  dlclose+0x28
j  com.sun.jna.NativeLibrary.close(J)V+0
j  com.sun.jna.NativeLibrary.finalize()V+4
j  java.lang.System$2.invokeFinalize(Ljava/lang/Object;)V+1
j  java.lang.ref.Finalizer.runFinalizer(Lsun/misc/JavaLangAccess;)V+46
j  java.lang.ref.Finalizer.access$100(Ljava/lang/ref/Finalizer;Lsun/misc/JavaLangAccess;)V+2
j  java.lang.ref.Finalizer$FinalizerThread.run()V+45
v  ~StubRoutines::call_stub
V  [libjvm.so+0x4b2eb6]  JavaCalls::call_helper(JavaValue*, methodHandle*, JavaCallArguments*, Thread*)+0x386

Java frames: (J=compiled Java code, j=interpreted, Vv=VM code)
j  com.sun.jna.NativeLibrary.close(J)V+0
j  com.sun.jna.NativeLibrary.finalize()V+4
j  java.lang.System$2.invokeFinalize(Ljava/lang/Object;)V+1
j  java.lang.ref.Finalizer.runFinalizer(Lsun/misc/JavaLangAccess;)V+46
j  java.lang.ref.Finalizer.access$100(Ljava/lang/ref/Finalizer;Lsun/misc/JavaLangAccess;)V+2
j  java.lang.ref.Finalizer$FinalizerThread.run()V+45
v  ~StubRoutines::call_stub

---------------  P R O C E S S  ---------------

Java Threads: ( => current thread )
  0x67190400 JavaThread "AWT-EventQueue-0" [_thread_blocked, id=10459, stack(0x666e5000,0x66736000)]
  0x67192000 JavaThread "AWT-Shutdown" [_thread_blocked, id=10458, stack(0x66736000,0x66787000)]
  0x67174800 JavaThread "AWT-XAWT" daemon [_thread_in_native, id=10457, stack(0x66787000,0x667d8000)]
  0x67166c00 JavaThread "Java2D Disposer" daemon [_thread_blocked, id=10456, stack(0x667d8000,0x66829000)]
  0x67b9d400 JavaThread "Service Thread" daemon [_thread_blocked, id=10454, stack(0x6750b000,0x6755c000)]
  0x67b9b800 JavaThread "C2 CompilerThread1" daemon [_thread_in_native, id=10453, stack(0x6755c000,0x675dd000)]
  0x67b99800 JavaThread "C2 CompilerThread0" daemon [_thread_in_native, id=10452, stack(0x675dd000,0x6765e000)]
  0x67b97c00 JavaThread "Signal Dispatcher" daemon [_thread_blocked, id=10451, stack(0x6765e000,0x676af000)]
=>0x67b85400 JavaThread "Finalizer" daemon [_thread_in_native, id=10450, stack(0x678af000,0x67900000)]
  0x67b83c00 JavaThread "Reference Handler" daemon [_thread_blocked, id=10449, stack(0x6a82e000,0x6a87f000)]
  0xb6407800 JavaThread "main" [_thread_in_native, id=10443, stack(0xb6508000,0xb6559000)]

Other Threads:
  0x67b81000 VMThread [stack: 0x67c4e000,0x67ccf000] [id=10448]
  0x67b9f400 WatcherThread [stack: 0x6748a000,0x6750b000] [id=10455]

VM state:not at safepoint (normal execution)

VM Mutex/Monitor currently owned by a thread: None

Heap
 PSYoungGen      total 19456K, used 4064K [0x9dd00000, 0x9f280000, 0xb3280000)
  eden space 16896K, 8% used [0x9dd00000,0x9de7a510,0x9ed80000)
  from space 2560K, 99% used [0x9ed80000,0x9effdc48,0x9f000000)
  to   space 2560K, 0% used [0x9f000000,0x9f000000,0x9f280000)
 ParOldGen       total 43520K, used 812K [0x73280000, 0x75d00000, 0x9dd00000)
  object space 43520K, 1% used [0x73280000,0x7334b268,0x75d00000)
 PSPermGen       total 16384K, used 8913K [0x6b280000, 0x6c280000, 0x73280000)
  object space 16384K, 54% used [0x6b280000,0x6bb34458,0x6c280000)

Card table byte_map: [0x6b03f000,0x6b280000] byte_map_base: 0x6ace5c00

Polling page: 0xb770c000

Code Cache  [0xb337e000, 0xb35be000, 0xb637e000)
 total_blobs=322 nmethods=87 adapters=188 free_code_cache=48693Kb largest_free_block=49837120

Compilation events (10 events):
Event: 3.579 Thread 0x67b9b800 nmethod 84 0xb33f1548 code [0xb33f1640, 0xb33f16b0]
Event: 3.579 Thread 0x67b9b800   85             java.nio.HeapCharBuffer::ix (7 bytes)
Event: 3.579 Thread 0x67b9b800 nmethod 85 0xb33f13c8 code [0xb33f14a0, 0xb33f14f0]
Event: 3.582 Thread 0x67b9b800   86             java.util.HashMap::transfer (115 bytes)
Event: 3.588 Thread 0x67b9b800 nmethod 86 0xb33f0e88 code [0xb33f0fa0, 0xb33f11dc]
Event: 3.597 Thread 0x67b99800 nmethod 80 0xb33eb5c8 code [0xb33eb7c0, 0xb33ebf90]
Event: 3.602 Thread 0x67b9b800   87             sun.font.TrueTypeFont::initAllNames (177 bytes)
Event: 3.605 Thread 0x67b99800   88             java.util.HashMap::put (142 bytes)
Event: 3.617 Thread 0x67b99800 nmethod 88 0xb33f2608 code [0xb33f27a0, 0xb33f2bf8]
Event: 3.617 Thread 0x67b99800   89   !         sun.font.TrueTypeFont::getTableBuffer (199 bytes)

GC Heap History (2 events):
Event: 3.618 GC heap before
{Heap before GC invocations=1 (full 0):
 PSYoungGen      total 19456K, used 16896K [0x9dd00000, 0x9f280000, 0xb3280000)
  eden space 16896K, 100% used [0x9dd00000,0x9ed80000,0x9ed80000)
  from space 2560K, 0% used [0x9f000000,0x9f000000,0x9f280000)
  to   space 2560K, 0% used [0x9ed80000,0x9ed80000,0x9f000000)
 ParOldGen       total 43520K, used 0K [0x73280000, 0x75d00000, 0x9dd00000)
  object space 43520K, 0% used [0x73280000,0x73280000,0x75d00000)
 PSPermGen       total 16384K, used 8867K [0x6b280000, 0x6c280000, 0x73280000)
  object space 16384K, 54% used [0x6b280000,0x6bb28c18,0x6c280000)
Event: 3.627 GC heap after
Heap after GC invocations=1 (full 0):
 PSYoungGen      total 19456K, used 2551K [0x9dd00000, 0x9f280000, 0xb3280000)
  eden space 16896K, 0% used [0x9dd00000,0x9dd00000,0x9ed80000)
  from space 2560K, 99% used [0x9ed80000,0x9effdc48,0x9f000000)
  to   space 2560K, 0% used [0x9f000000,0x9f000000,0x9f280000)
 ParOldGen       total 43520K, used 812K [0x73280000, 0x75d00000, 0x9dd00000)
  object space 43520K, 1% used [0x73280000,0x7334b268,0x75d00000)
 PSPermGen       total 16384K, used 8867K [0x6b280000, 0x6c280000, 0x73280000)
  object space 16384K, 54% used [0x6b280000,0x6bb28c18,0x6c280000)
}

Deoptimization events (4 events):
Event: 1.164 Thread 0xb6407800 Uncommon trap: reason=class_check action=maybe_recompile pc=0xb33d19c4 method=java.lang.String.equals(Ljava/lang/Object;)Z @ 8
Event: 1.164 Thread 0xb6407800 Uncommon trap: reason=class_check action=maybe_recompile pc=0xb33d19c4 method=java.lang.String.equals(Ljava/lang/Object;)Z @ 8
Event: 1.168 Thread 0xb6407800 Uncommon trap: reason=class_check action=maybe_recompile pc=0xb33d19c4 method=java.lang.String.equals(Ljava/lang/Object;)Z @ 8
Event: 1.169 Thread 0xb6407800 Uncommon trap: reason=class_check action=maybe_recompile pc=0xb33d19c4 method=java.lang.String.equals(Ljava/lang/Object;)Z @ 8

Internal exceptions (10 events):
Event: 1.268 Thread 0xb6407800 Threw 0x9e5dcaf8 at /build/buildd/openjdk-7-7u71-2.5.3/build/openjdk/hotspot/src/share/vm/prims/jvm.cpp:1284
Event: 1.269 Thread 0xb6407800 Threw 0x9e5e22c8 at /build/buildd/openjdk-7-7u71-2.5.3/build/openjdk/hotspot/src/share/vm/prims/jvm.cpp:1284
Event: 1.269 Thread 0xb6407800 Threw 0x9e5e38c0 at /build/buildd/openjdk-7-7u71-2.5.3/build/openjdk/hotspot/src/share/vm/prims/jvm.cpp:1284
Event: 1.269 Thread 0xb6407800 Threw 0x9e5e4ed8 at /build/buildd/openjdk-7-7u71-2.5.3/build/openjdk/hotspot/src/share/vm/prims/jvm.cpp:1284
Event: 1.269 Thread 0xb6407800 Threw 0x9e5e66c8 at /build/buildd/openjdk-7-7u71-2.5.3/build/openjdk/hotspot/src/share/vm/prims/jvm.cpp:1284
Event: 1.270 Thread 0xb6407800 Threw 0x9e5e7cb8 at /build/buildd/openjdk-7-7u71-2.5.3/build/openjdk/hotspot/src/share/vm/prims/jvm.cpp:1284
Event: 1.270 Thread 0xb6407800 Threw 0x9e5e94a8 at /build/buildd/openjdk-7-7u71-2.5.3/build/openjdk/hotspot/src/share/vm/prims/jvm.cpp:1284
Event: 1.270 Thread 0xb6407800 Threw 0x9e5eaa20 at /build/buildd/openjdk-7-7u71-2.5.3/build/openjdk/hotspot/src/share/vm/prims/jvm.cpp:1284
Event: 1.270 Thread 0xb6407800 Threw 0x9e5ec118 at /build/buildd/openjdk-7-7u71-2.5.3/build/openjdk/hotspot/src/share/vm/prims/jvm.cpp:1284
Event: 1.328 Thread 0xb6407800 Threw 0x9e65db78 at /build/buildd/openjdk-7-7u71-2.5.3/build/openjdk/hotspot/src/share/vm/prims/jvm.cpp:1284

Events (10 events):
Event: 2.480 loading class 0x6796d088
Event: 2.481 loading class 0x6796d088 done
Event: 2.517 loading class 0x673b9510
Event: 2.517 loading class 0x673b9510 done
Event: 3.557 loading class 0x6ac66008
Event: 3.557 loading class 0x6ac66008 done
Event: 3.557 loading class 0x6ac660c0
Event: 3.557 loading class 0x6ac660c0 done
Event: 3.618 Executing VM operation: ParallelGCFailedAllocation
Event: 3.627 Executing VM operation: ParallelGCFailedAllocation done


Dynamic libraries:
08048000-08049000 r-xp 00000000 08:03 1990965    /usr/lib/jvm/java-7-openjdk-i386/jre/bin/java
08049000-0804a000 r--p 00000000 08:03 1990965    /usr/lib/jvm/java-7-openjdk-i386/jre/bin/java
0804a000-0804b000 rw-p 00001000 08:03 1990965    /usr/lib/jvm/java-7-openjdk-i386/jre/bin/java
09d7d000-09d9e000 rw-p 00000000 00:00 0          [heap]
65d00000-65da5000 rw-p 00000000 00:00 0 
65da5000-65e00000 ---p 00000000 00:00 0 
65e99000-66000000 rw-p 00000000 00:00 0 
66000000-660ed000 rw-p 00000000 00:00 0 
660ed000-66100000 ---p 00000000 00:00 0 
66157000-66200000 rw-p 00000000 00:00 0 
66200000-662e7000 rw-p 00000000 00:00 0 
662e7000-66300000 ---p 00000000 00:00 0 
66300000-663fb000 rw-p 00000000 00:00 0 
663fb000-66400000 ---p 00000000 00:00 0 
66420000-66421000 r--s 00000000 08:05 1047587    /var/cache/fontconfig/c05880de57d1f5e948fdfacc138775d9-le32d4.cache-4
66421000-66429000 r--s 00000000 08:05 1046616    /var/cache/fontconfig/945677eb7aeaf62f1d50efc3fb3ec7d8-le32d4.cache-4
66429000-6642b000 r--s 00000000 08:05 1047323    /var/cache/fontconfig/99e8ed0e538f840c565b6ed5dad60d56-le32d4.cache-4
6642b000-66431000 r--s 00000000 08:05 1047322    /var/cache/fontconfig/a6d8cf8e4ec09cdbc8633c31745a07dd-le32d4.cache-4
66431000-66435000 r--s 00000000 08:05 1047584    /var/cache/fontconfig/2cd17615ca594fa2959ae173292e504c-le32d4.cache-4
66435000-66436000 r--s 00000000 08:05 1047583    /var/cache/fontconfig/e7071f4a29fa870f4323321c154eba04-le32d4.cache-4
66436000-66437000 r--s 00000000 08:05 1047582    /var/cache/fontconfig/0d8c3b2ac0904cb8a57a757ad11a4a08-le32d4.cache-4
66437000-6643c000 r--s 00000000 08:05 1047581    /var/cache/fontconfig/a755afe4a08bf5b97852ceb7400b47bc-le32d4.cache-4
6643c000-66445000 r--s 00000000 08:05 1047114    /var/cache/fontconfig/6d41288fd70b0be22e8c3a91e032eec0-le32d4.cache-4
66445000-66454000 r--s 00000000 08:05 1047579    /var/cache/fontconfig/04aabc0a78ac019cf9454389977116d2-le32d4.cache-4
66454000-66457000 r--s 00000000 08:05 1047577    /var/cache/fontconfig/385c0604a188198f04d133e54aba7fe7-le32d4.cache-4
66457000-66459000 r--s 00000000 08:05 1047563    /var/cache/fontconfig/767a8244fc0220cfb567a839d0392e0b-le32d4.cache-4
66459000-6645d000 r--s 00000000 08:05 1047562    /var/cache/fontconfig/8801497958630a81b71ace7c5f9b32a8-le32d4.cache-4
6645d000-66464000 r--s 00000000 08:05 1047321    /var/cache/fontconfig/52f7bdb7ce746bfd7eaa1985bd9cfa93-le32d4.cache-4
66464000-66474000 r--s 00000000 08:05 1047569    /var/cache/fontconfig/d52a8644073d54c13679302ca1180695-le32d4.cache-4
66474000-6647b000 r--s 00000000 08:05 1046609    /var/cache/fontconfig/3f7329c5293ffd510edef78f73874cfd-le32d4.cache-4
6647b000-66484000 r--s 00000000 08:05 1047079    /var/cache/fontconfig/d589a48862398ed80a3d6066f4f56f4c-le32d4.cache-4
664ea000-664ed000 rw-p 00000000 00:00 0 
664ed000-664fe000 r-xp 00000000 08:03 1968355    /usr/lib/jvm/java-7-openjdk-i386/jre/lib/i386/libnio.so
664fe000-664ff000 r--p 00010000 08:03 1968355    /usr/lib/jvm/java-7-openjdk-i386/jre/lib/i386/libnio.so
664ff000-66500000 rw-p 00011000 08:03 1968355    /usr/lib/jvm/java-7-openjdk-i386/jre/lib/i386/libnio.so
66500000-665e8000 rw-p 00000000 00:00 0 
665e8000-66600000 ---p 00000000 00:00 0 
66600000-66609000 r--s 00000000 08:05 1047566    /var/cache/fontconfig/089dead882dea3570ffc31a9898cfb69-le32d4.cache-4
66609000-66658000 r-xp 00000000 08:03 1973080    /usr/lib/jvm/java-7-openjdk-i386/jre/lib/i386/libfontmanager.so
66658000-6665a000 r--p 0004e000 08:03 1973080    /usr/lib/jvm/java-7-openjdk-i386/jre/lib/i386/libfontmanager.so
6665a000-6665b000 rw-p 00050000 08:03 1973080    /usr/lib/jvm/java-7-openjdk-i386/jre/lib/i386/libfontmanager.so
6665b000-666ac000 r-xp 00000000 08:03 1965701    /usr/lib/i386-linux-gnu/libtheora.so.0.3.10
666ac000-666ad000 r--p 00051000 08:03 1965701    /usr/lib/i386-linux-gnu/libtheora.so.0.3.10
666ad000-666ae000 rw-p 00052000 08:03 1965701    /usr/lib/i386-linux-gnu/libtheora.so.0.3.10
666ae000-666b5000 r-xp 00000000 08:03 1965492    /usr/lib/i386-linux-gnu/libogg.so.0.8.1
666b5000-666b6000 r--p 00006000 08:03 1965492    /usr/lib/i386-linux-gnu/libogg.so.0.8.1
666b6000-666b7000 rw-p 00007000 08:03 1965492    /usr/lib/i386-linux-gnu/libogg.so.0.8.1
666b7000-666bc000 r--s 00000000 08:05 1047573    /var/cache/fontconfig/3047814df9a2f067bd2d96a2b9c36e5a-le32d4.cache-4
666bc000-666d3000 r-xp 00000000 08:03 1969933    /usr/lib/jvm/java-7-openjdk-i386/jre/lib/i386/libnet.so
666d3000-666d4000 r--p 00016000 08:03 1969933    /usr/lib/jvm/java-7-openjdk-i386/jre/lib/i386/libnet.so
666d4000-666d5000 rw-p 00017000 08:03 1969933    /usr/lib/jvm/java-7-openjdk-i386/jre/lib/i386/libnet.so
666d5000-666df000 r-xp 00000000 08:07 50         /tmp/jna8740561977223347295.so
666df000-666e0000 rw-p 00009000 08:07 50         /tmp/jna8740561977223347295.so
666e0000-666e5000 r--s 0004c000 08:03 1974796    /usr/lib/jvm/java-7-openjdk-i386/jre/lib/jsse.jar
666e5000-666e8000 ---p 00000000 00:00 0 
666e8000-66736000 rwxp 00000000 00:00 0          [stack:10459]
66736000-66739000 ---p 00000000 00:00 0 
66739000-66787000 rwxp 00000000 00:00 0          [stack:10458]
66787000-6678a000 ---p 00000000 00:00 0 
6678a000-667d8000 rwxp 00000000 00:00 0          [stack:10457]
667d8000-667db000 ---p 00000000 00:00 0 
667db000-66829000 rwxp 00000000 00:00 0          [stack:10456]
66829000-6684a000 r--p 00000000 08:03 800398     /usr/share/locale-langpack/zh_TW/LC_MESSAGES/libc.mo
6684a000-66886000 r-xp 00000000 08:02 391240     /lib/i386-linux-gnu/libpcre.so.3.13.1
66886000-66887000 r--p 0003b000 08:02 391240     /lib/i386-linux-gnu/libpcre.so.3.13.1
66887000-66888000 rw-p 0003c000 08:02 391240     /lib/i386-linux-gnu/libpcre.so.3.13.1
66888000-668ae000 r-xp 00000000 08:02 391252     /lib/i386-linux-gnu/libpng12.so.0.50.0
668ae000-668af000 r--p 00025000 08:02 391252     /lib/i386-linux-gnu/libpng12.so.0.50.0
668af000-668b0000 rw-p 00026000 08:02 391252     /lib/i386-linux-gnu/libpng12.so.0.50.0
668b0000-668f9000 r-xp 00000000 08:02 408011     /lib/i386-linux-gnu/libdbus-1.so.3.7.6
668f9000-668fa000 r--p 00048000 08:02 408011     /lib/i386-linux-gnu/libdbus-1.so.3.7.6
668fa000-668fb000 rw-p 00049000 08:02 408011     /lib/i386-linux-gnu/libdbus-1.so.3.7.6
668fb000-66932000 r-xp 00000000 08:03 1965500    /usr/lib/i386-linux-gnu/libp11-kit.so.0.0.0
66932000-66933000 ---p 00037000 08:03 1965500    /usr/lib/i386-linux-gnu/libp11-kit.so.0.0.0
66933000-66936000 r--p 00037000 08:03 1965500    /usr/lib/i386-linux-gnu/libp11-kit.so.0.0.0
66936000-66937000 rw-p 0003a000 08:03 1965500    /usr/lib/i386-linux-gnu/libp11-kit.so.0.0.0
66937000-66949000 r-xp 00000000 08:03 1963103    /usr/lib/i386-linux-gnu/libtasn1.so.6.2.0
66949000-6694a000 r--p 00011000 08:03 1963103    /usr/lib/i386-linux-gnu/libtasn1.so.6.2.0
6694a000-6694b000 rw-p 00012000 08:03 1963103    /usr/lib/i386-linux-gnu/libtasn1.so.6.2.0
6694b000-669cd000 r-xp 00000000 08:02 390321     /lib/i386-linux-gnu/libgcrypt.so.11.8.2
669cd000-669ce000 ---p 00082000 08:02 390321     /lib/i386-linux-gnu/libgcrypt.so.11.8.2
669ce000-669cf000 r--p 00082000 08:02 390321     /lib/i386-linux-gnu/libgcrypt.so.11.8.2
669cf000-669d1000 rw-p 00083000 08:02 390321     /lib/i386-linux-gnu/libgcrypt.so.11.8.2
669d1000-669d2000 rw-p 00000000 00:00 0 
669d2000-669dc000 r-xp 00000000 08:03 1965376    /usr/lib/i386-linux-gnu/libkrb5support.so.0.1
669dc000-669dd000 r--p 00009000 08:03 1965376    /usr/lib/i386-linux-gnu/libkrb5support.so.0.1
669dd000-669de000 rw-p 0000a000 08:03 1965376    /usr/lib/i386-linux-gnu/libkrb5support.so.0.1
669de000-66a0c000 r-xp 00000000 08:03 1962839    /usr/lib/i386-linux-gnu/libk5crypto.so.3.1
66a0c000-66a0d000 r--p 0002d000 08:03 1962839    /usr/lib/i386-linux-gnu/libk5crypto.so.3.1
66a0d000-66a0e000 rw-p 0002e000 08:03 1962839    /usr/lib/i386-linux-gnu/libk5crypto.so.3.1
66a0e000-66ac5000 r-xp 00000000 08:03 1965184    /usr/lib/i386-linux-gnu/libkrb5.so.3.3
66ac5000-66acb000 r--p 000b7000 08:03 1965184    /usr/lib/i386-linux-gnu/libkrb5.so.3.3
66acb000-66acc000 rw-p 000bd000 08:03 1965184    /usr/lib/i386-linux-gnu/libkrb5.so.3.3
66acc000-66adf000 r-xp 00000000 08:02 408043     /lib/i386-linux-gnu/libresolv-2.19.so
66adf000-66ae0000 ---p 00013000 08:02 408043     /lib/i386-linux-gnu/libresolv-2.19.so
66ae0000-66ae1000 r--p 00013000 08:02 408043     /lib/i386-linux-gnu/libresolv-2.19.so
66ae1000-66ae2000 rw-p 00014000 08:02 408043     /lib/i386-linux-gnu/libresolv-2.19.so
66ae2000-66ae4000 rw-p 00000000 00:00 0 
66ae4000-66b04000 r-xp 00000000 08:02 390243     /lib/i386-linux-gnu/libselinux.so.1
66b04000-66b05000 r--p 0001f000 08:02 390243     /lib/i386-linux-gnu/libselinux.so.1
66b05000-66b06000 rw-p 00020000 08:02 390243     /lib/i386-linux-gnu/libselinux.so.1
66b06000-66b07000 rw-p 00000000 00:00 0 
66b07000-66c11000 r-xp 00000000 08:02 390244     /lib/i386-linux-gnu/libglib-2.0.so.0.4002.0
66c11000-66c12000 r--p 00109000 08:02 390244     /lib/i386-linux-gnu/libglib-2.0.so.0.4002.0
66c12000-66c13000 rw-p 0010a000 08:02 390244     /lib/i386-linux-gnu/libglib-2.0.so.0.4002.0
66c13000-66c38000 r-xp 00000000 08:02 391159     /lib/i386-linux-gnu/libexpat.so.1.6.0
66c38000-66c39000 ---p 00025000 08:02 391159     /lib/i386-linux-gnu/libexpat.so.1.6.0
66c39000-66c3b000 r--p 00025000 08:02 391159     /lib/i386-linux-gnu/libexpat.so.1.6.0
66c3b000-66c3c000 rw-p 00027000 08:02 391159     /lib/i386-linux-gnu/libexpat.so.1.6.0
66c3c000-66cd6000 r-xp 00000000 08:03 1965064    /usr/lib/i386-linux-gnu/libfreetype.so.6.11.1
66cd6000-66cd7000 ---p 0009a000 08:03 1965064    /usr/lib/i386-linux-gnu/libfreetype.so.6.11.1
66cd7000-66cdb000 r--p 0009a000 08:03 1965064    /usr/lib/i386-linux-gnu/libfreetype.so.6.11.1
66cdb000-66cdc000 rw-p 0009e000 08:03 1965064    /usr/lib/i386-linux-gnu/libfreetype.so.6.11.1
66cdc000-66cec000 r-xp 00000000 08:03 1964877    /usr/lib/i386-linux-gnu/libavahi-client.so.3.2.9
66cec000-66ced000 r--p 0000f000 08:03 1964877    /usr/lib/i386-linux-gnu/libavahi-client.so.3.2.9
66ced000-66cee000 rw-p 00010000 08:03 1964877    /usr/lib/i386-linux-gnu/libavahi-client.so.3.2.9
66cee000-66daf000 r-xp 00000000 08:03 1965177    /usr/lib/i386-linux-gnu/libgnutls.so.26.22.6
66daf000-66db3000 r--p 000c0000 08:03 1965177    /usr/lib/i386-linux-gnu/libgnutls.so.26.22.6
66db3000-66db4000 rw-p 000c4000 08:03 1965177    /usr/lib/i386-linux-gnu/libgnutls.so.26.22.6
66db4000-66df7000 r-xp 00000000 08:03 1963888    /usr/lib/i386-linux-gnu/libgssapi_krb5.so.2.2
66df7000-66df8000 r--p 00042000 08:03 1963888    /usr/lib/i386-linux-gnu/libgssapi_krb5.so.2.2
66df8000-66df9000 rw-p 00043000 08:03 1963888    /usr/lib/i386-linux-gnu/libgssapi_krb5.so.2.2
66df9000-66e49000 r-xp 00000000 08:03 1968510    /usr/lib/i386-linux-gnu/libgobject-2.0.so.0.4002.0
66e49000-66e4a000 r--p 0004f000 08:03 1968510    /usr/lib/i386-linux-gnu/libgobject-2.0.so.0.4002.0
66e4a000-66e4b000 rw-p 00050000 08:03 1968510    /usr/lib/i386-linux-gnu/libgobject-2.0.so.0.4002.0
66e4b000-66fc8000 r-xp 00000000 08:03 1968513    /usr/lib/i386-linux-gnu/libgio-2.0.so.0.4002.0
66fc8000-66fca000 r--p 0017d000 08:03 1968513    /usr/lib/i386-linux-gnu/libgio-2.0.so.0.4002.0
66fca000-66fcb000 rw-p 0017f000 08:03 1968513    /usr/lib/i386-linux-gnu/libgio-2.0.so.0.4002.0
66fcb000-66fcc000 rw-p 00000000 00:00 0 
66fcc000-670fc000 r-xp 00000000 08:03 1964769    /usr/lib/i386-linux-gnu/libX11.so.6.3.0
670fc000-670fd000 r--p 00130000 08:03 1964769    /usr/lib/i386-linux-gnu/libX11.so.6.3.0
670fd000-670ff000 rw-p 00131000 08:03 1964769    /usr/lib/i386-linux-gnu/libX11.so.6.3.0
670ff000-67100000 rw-p 00000000 00:00 0 
67100000-671ff000 rw-p 00000000 00:00 0 
671ff000-67200000 ---p 00000000 00:00 0 
67200000-67204000 r--s 00000000 08:05 1047570    /var/cache/fontconfig/b47c4e1ecd0709278f4910c18777a504-le32d4.cache-4
67204000-67208000 r-xp 00000000 08:03 1964788    /usr/lib/i386-linux-gnu/libXfixes.so.3.1.0
67208000-67209000 r--p 00003000 08:03 1964788    /usr/lib/i386-linux-gnu/libXfixes.so.3.1.0
67209000-6720a000 rw-p 00004000 08:03 1964788    /usr/lib/i386-linux-gnu/libXfixes.so.3.1.0
6720a000-67243000 r-xp 00000000 08:03 1966352    /usr/lib/i386-linux-gnu/libfontconfig.so.1.8.0
67243000-67244000 r--p 00039000 08:03 1966352    /usr/lib/i386-linux-gnu/libfontconfig.so.1.8.0
67244000-67245000 rw-p 0003a000 08:03 1966352    /usr/lib/i386-linux-gnu/libfontconfig.so.1.8.0
67245000-672d4000 r-xp 00000000 08:03 1968389    /usr/lib/jvm/java-7-openjdk-i386/jre/lib/i386/libawt.so
672d4000-672d5000 r--p 0008f000 08:03 1968389    /usr/lib/jvm/java-7-openjdk-i386/jre/lib/i386/libawt.so
672d5000-672dc000 rw-p 00090000 08:03 1968389    /usr/lib/jvm/java-7-openjdk-i386/jre/lib/i386/libawt.so
672dc000-67300000 rw-p 00000000 00:00 0 
67300000-673f9000 rw-p 00000000 00:00 0 
673f9000-67400000 ---p 00000000 00:00 0 
67400000-67401000 r--s 00000000 08:05 1047578    /var/cache/fontconfig/1ac9eb803944fde146138c791f5cc56a-le32d4.cache-4
67401000-67404000 r-xp 00000000 08:02 391170     /lib/i386-linux-gnu/libgpg-error.so.0.10.0
67404000-67405000 r--p 00002000 08:02 391170     /lib/i386-linux-gnu/libgpg-error.so.0.10.0
67405000-67406000 rw-p 00003000 08:02 391170     /lib/i386-linux-gnu/libgpg-error.so.0.10.0
67406000-67408000 r-xp 00000000 08:02 391180     /lib/i386-linux-gnu/libkeyutils.so.1.4
67408000-67409000 r--p 00002000 08:02 391180     /lib/i386-linux-gnu/libkeyutils.so.1.4
67409000-6740a000 rw-p 00003000 08:02 391180     /lib/i386-linux-gnu/libkeyutils.so.1.4
6740a000-6740d000 r-xp 00000000 08:02 391146     /lib/i386-linux-gnu/libcom_err.so.2.1
6740d000-6740e000 r--p 00002000 08:02 391146     /lib/i386-linux-gnu/libcom_err.so.2.1
6740e000-6740f000 rw-p 00003000 08:02 391146     /lib/i386-linux-gnu/libcom_err.so.2.1
6740f000-6741b000 r-xp 00000000 08:03 1964879    /usr/lib/i386-linux-gnu/libavahi-common.so.3.5.3
6741b000-6741c000 r--p 0000b000 08:03 1964879    /usr/lib/i386-linux-gnu/libavahi-common.so.3.5.3
6741c000-6741d000 rw-p 0000c000 08:03 1964879    /usr/lib/i386-linux-gnu/libavahi-common.so.3.5.3
6741d000-67484000 r-xp 00000000 08:03 1963601    /usr/lib/i386-linux-gnu/libcups.so.2
67484000-67485000 ---p 00067000 08:03 1963601    /usr/lib/i386-linux-gnu/libcups.so.2
67485000-67489000 r--p 00067000 08:03 1963601    /usr/lib/i386-linux-gnu/libcups.so.2
67489000-6748a000 rw-p 0006b000 08:03 1963601    /usr/lib/i386-linux-gnu/libcups.so.2
6748a000-6748b000 ---p 00000000 00:00 0 
6748b000-6750b000 rwxp 00000000 00:00 0          [stack:10455]
6750b000-6750e000 ---p 00000000 00:00 0 
6750e000-6755c000 rwxp 00000000 00:00 0          [stack:10454]
6755c000-6755f000 ---p 00000000 00:00 0 
6755f000-675dd000 rwxp 00000000 00:00 0          [stack:10453]
675dd000-675e0000 ---p 00000000 00:00 0 
675e0000-6765e000 rwxp 00000000 00:00 0          [stack:10452]
6765e000-67661000 ---p 00000000 00:00 0 
67661000-676af000 rwxp 00000000 00:00 0          [stack:10451]
676af000-678af000 r--p 00000000 08:03 1968684    /usr/lib/locale/locale-archive
678af000-678b2000 ---p 00000000 00:00 0 
678b2000-67900000 rwxp 00000000 00:00 0          [stack:10450]
67900000-679fe000 rw-p 00000000 00:00 0 
679fe000-67a00000 ---p 00000000 00:00 0 
67a00000-67a21000 rw-p 00000000 00:00 0 
67a21000-67b00000 ---p 00000000 00:00 0 
67b00000-67bff000 rw-p 00000000 00:00 0 
67bff000-67c00000 ---p 00000000 00:00 0 
67c00000-67c01000 r--s 00000000 08:05 1047576    /var/cache/fontconfig/dc05db6664285cc2f12bf69c139ae4c3-le32d4.cache-4
67c01000-67c02000 r--s 00000000 08:05 1047232    /var/cache/fontconfig/4794a0821666d79190d59a36cb4f44b5-le32d4.cache-4
67c02000-67c4a000 r-xp 00000000 08:03 1993391    /usr/lib/jvm/java-7-openjdk-i386/jre/lib/i386/xawt/libmawt.so
67c4a000-67c4b000 r--p 00047000 08:03 1993391    /usr/lib/jvm/java-7-openjdk-i386/jre/lib/i386/xawt/libmawt.so
67c4b000-67c4d000 rw-p 00048000 08:03 1993391    /usr/lib/jvm/java-7-openjdk-i386/jre/lib/i386/xawt/libmawt.so
67c4d000-67c4e000 rw-p 00000000 00:00 0 
67c4e000-67c4f000 ---p 00000000 00:00 0 
67c4f000-67ccf000 rwxp 00000000 00:00 0          [stack:10448]
67ccf000-67e80000 r--s 01d25000 08:03 1965745    /usr/lib/jvm/java-7-openjdk-i386/jre/lib/rt.jar
67e80000-6a700000 rw-p 00000000 00:00 0 
6a700000-6a7fc000 rw-p 00000000 00:00 0 
6a7fc000-6a800000 ---p 00000000 00:00 0 
6a800000-6a801000 r--s 00000000 08:05 1047572    /var/cache/fontconfig/56cf4f4769d0f4abc89a4895d7bd3ae1-le32d4.cache-4
6a801000-6a806000 r-xp 00000000 08:03 1964784    /usr/lib/i386-linux-gnu/libXdmcp.so.6.0.0
6a806000-6a807000 r--p 00004000 08:03 1964784    /usr/lib/i386-linux-gnu/libXdmcp.so.6.0.0
6a807000-6a808000 rw-p 00005000 08:03 1964784    /usr/lib/i386-linux-gnu/libXdmcp.so.6.0.0
6a808000-6a80a000 r-xp 00000000 08:03 1964773    /usr/lib/i386-linux-gnu/libXau.so.6.0.0
6a80a000-6a80b000 r--p 00001000 08:03 1964773    /usr/lib/i386-linux-gnu/libXau.so.6.0.0
6a80b000-6a80c000 rw-p 00002000 08:03 1964773    /usr/lib/i386-linux-gnu/libXau.so.6.0.0
6a80c000-6a82c000 r-xp 00000000 08:03 1965837    /usr/lib/i386-linux-gnu/libxcb.so.1.1.0
6a82c000-6a82d000 r--p 0001f000 08:03 1965837    /usr/lib/i386-linux-gnu/libxcb.so.1.1.0
6a82d000-6a82e000 rw-p 00020000 08:03 1965837    /usr/lib/i386-linux-gnu/libxcb.so.1.1.0
6a82e000-6a831000 ---p 00000000 00:00 0 
6a831000-6a87f000 rwxp 00000000 00:00 0          [stack:10449]
6a87f000-6a880000 ---p 00000000 00:00 0 
6a880000-6a900000 rwxp 00000000 00:00 0          [stack:10447]
6a900000-6a921000 rw-p 00000000 00:00 0 
6a921000-6aa00000 ---p 00000000 00:00 0 
6aa00000-6aa05000 r-xp 00000000 08:03 1965051    /usr/lib/i386-linux-gnu/libffi.so.6.0.1
6aa05000-6aa06000 r--p 00005000 08:03 1965051    /usr/lib/i386-linux-gnu/libffi.so.6.0.1
6aa06000-6aa07000 rw-p 00006000 08:03 1965051    /usr/lib/i386-linux-gnu/libffi.so.6.0.1
6aa07000-6aa16000 r-xp 00000000 08:03 1964794    /usr/lib/i386-linux-gnu/libXi.so.6.1.0
6aa16000-6aa17000 r--p 0000e000 08:03 1964794    /usr/lib/i386-linux-gnu/libXi.so.6.1.0
6aa17000-6aa18000 rw-p 0000f000 08:03 1964794    /usr/lib/i386-linux-gnu/libXi.so.6.1.0
6aa18000-6aa21000 r-xp 00000000 08:03 1964808    /usr/lib/i386-linux-gnu/libXrender.so.1.3.0
6aa21000-6aa22000 r--p 00008000 08:03 1964808    /usr/lib/i386-linux-gnu/libXrender.so.1.3.0
6aa22000-6aa23000 rw-p 00009000 08:03 1964808    /usr/lib/i386-linux-gnu/libXrender.so.1.3.0
6aa23000-6aa34000 r-xp 00000000 08:03 1964786    /usr/lib/i386-linux-gnu/libXext.so.6.4.0
6aa34000-6aa35000 r--p 00010000 08:03 1964786    /usr/lib/i386-linux-gnu/libXext.so.6.4.0
6aa35000-6aa36000 rw-p 00011000 08:03 1964786    /usr/lib/i386-linux-gnu/libXext.so.6.4.0
6aa36000-6aa7f000 rw-p 00000000 00:00 0 
6aa7f000-6aa80000 ---p 00000000 00:00 0 
6aa80000-6ab00000 rwxp 00000000 00:00 0          [stack:10446]
6ab00000-6ab21000 rw-p 00000000 00:00 0 
6ab21000-6ac00000 ---p 00000000 00:00 0 
6ac00000-6ac01000 r--s 00000000 08:05 1047571    /var/cache/fontconfig/b9d506c9ac06c20b433354fa67a72993-le32d4.cache-4
6ac01000-6ac04000 r-xp 00000000 08:03 1968514    /usr/lib/i386-linux-gnu/libgmodule-2.0.so.0.4002.0
6ac04000-6ac05000 r--p 00002000 08:03 1968514    /usr/lib/i386-linux-gnu/libgmodule-2.0.so.0.4002.0
6ac05000-6ac06000 rw-p 00003000 08:03 1968514    /usr/lib/i386-linux-gnu/libgmodule-2.0.so.0.4002.0
6ac06000-6ac07000 r--s 00000000 08:05 1047561    /var/cache/fontconfig/0c9eb80ebd1c36541ebe2852d3bb0c49-le32d4.cache-4
6ac07000-6ac09000 r--s 00000000 08:05 1046611    /var/cache/fontconfig/e13b20fdb08344e0e664864cc2ede53d-le32d4.cache-4
6ac09000-6ac12000 r-xp 00000000 08:03 1964780    /usr/lib/i386-linux-gnu/libXcursor.so.1.0.2
6ac12000-6ac13000 r--p 00008000 08:03 1964780    /usr/lib/i386-linux-gnu/libXcursor.so.1.0.2
6ac13000-6ac14000 rw-p 00009000 08:03 1964780    /usr/lib/i386-linux-gnu/libXcursor.so.1.0.2
6ac14000-6ac1d000 r--s 000b9000 08:03 1990943    /usr/lib/jvm/java-7-openjdk-i386/jre/lib/resources.jar
6ac1d000-6ac24000 r--s 00000000 08:03 1975254    /usr/lib/i386-linux-gnu/gconv/gconv-modules.cache
6ac24000-6ac7f000 rw-p 00000000 00:00 0 
6ac7f000-6ac80000 ---p 00000000 00:00 0 
6ac80000-6ad00000 rwxp 00000000 00:00 0          [stack:10445]
6ad00000-6ad21000 rw-p 00000000 00:00 0 
6ad21000-6ae00000 ---p 00000000 00:00 0 
6ae00000-6ae03000 r--s 00000000 08:05 1047320    /var/cache/fontconfig/7ef2298fde41cc6eeb7af42e48b7d293-le32d4.cache-4
6ae03000-6ae08000 r-xp 00000000 08:03 1964814    /usr/lib/i386-linux-gnu/libXtst.so.6.1.0
6ae08000-6ae09000 r--p 00004000 08:03 1964814    /usr/lib/i386-linux-gnu/libXtst.so.6.1.0
6ae09000-6ae0a000 rw-p 00005000 08:03 1964814    /usr/lib/i386-linux-gnu/libXtst.so.6.1.0
6ae0a000-6ae0c000 r--s 0000c000 08:09 14815594   /home/ws23/Code/research/fmj/lib/jheora-patch.jar
6ae0c000-6ae0e000 r--s 00009000 08:09 14815602   /home/ws23/Code/research/fmj/lib/theora-java.jar
6ae0e000-6ae10000 r--s 0000e000 08:09 14815591   /home/ws23/Code/research/fmj/lib/ffmpeg-java.jar
6ae10000-6ae13000 r--s 0003f000 08:09 14815596   /home/ws23/Code/research/fmj/lib/jna.jar
6ae13000-6ae1b000 r--s 0003b000 08:09 14815592   /home/ws23/Code/research/fmj/lib/gstreamer-java.jar
6ae1b000-6ae1d000 r--s 00017000 08:09 14815599   /home/ws23/Code/research/fmj/lib/jspeex.jar
6ae1d000-6ae1f000 r--s 00002000 08:09 14815604   /home/ws23/Code/research/fmj/lib/vorbisspi1.0.2.jar
6ae1f000-6ae22000 r--s 00017000 08:09 14815603   /home/ws23/Code/research/fmj/lib/tritonus_share.jar
6ae22000-6ae25000 r--s 00017000 08:09 14815595   /home/ws23/Code/research/fmj/lib/jl1.0.jar
6ae25000-6ae28000 r--s 0000e000 08:09 14815600   /home/ws23/Code/research/fmj/lib/lti-civil-no_s_w_t.jar
6ae28000-6ae29000 ---p 00000000 00:00 0 
6ae29000-6aea9000 rwxp 00000000 00:00 0          [stack:10444]
6aea9000-6aeb1000 rw-p 00000000 00:00 0 
6aeb1000-6aee9000 rw-p 00000000 00:00 0 
6aee9000-6aeff000 rw-p 00000000 00:00 0 
6aeff000-6b03f000 rw-p 00000000 00:00 0 
6b03f000-6b047000 rw-p 00000000 00:00 0 
6b047000-6b07f000 rw-p 00000000 00:00 0 
6b07f000-6b095000 rw-p 00000000 00:00 0 
6b095000-6b1d4000 rw-p 00000000 00:00 0 
6b1d4000-6b1df000 rw-p 00000000 00:00 0 
6b1df000-6b27f000 rw-p 00000000 00:00 0 
6b27f000-6c280000 rw-p 00000000 00:00 0 
6c280000-73280000 rw-p 00000000 00:00 0 
73280000-75d00000 rw-p 00000000 00:00 0 
75d00000-9dd00000 rw-p 00000000 00:00 0 
9dd00000-9f280000 rw-p 00000000 00:00 0 
9f280000-b3280000 rw-p 00000000 00:00 0 
b3280000-b3282000 r--s 0000d000 08:09 14815598   /home/ws23/Code/research/fmj/lib/jorbis-0.0.15.jar
b3282000-b3285000 r--s 00023000 08:09 14815593   /home/ws23/Code/research/fmj/lib/jdom.jar
b3285000-b328f000 r--s 00203000 08:03 1990936    /usr/lib/jvm/java-7-openjdk-i386/jre/lib/charsets.jar
b328f000-b32a3000 r--s 000e2000 08:09 14815588   /home/ws23/Code/research/fmj/fmj.jar
b32a3000-b32c7000 rw-p 00000000 00:00 0 
b32c7000-b337e000 rw-p 00000000 00:00 0 
b337e000-b35be000 rwxp 00000000 00:00 0 
b35be000-b637e000 rw-p 00000000 00:00 0 
b637e000-b6389000 r-xp 00000000 08:02 408030     /lib/i386-linux-gnu/libnss_files-2.19.so
b6389000-b638a000 r--p 0000a000 08:02 408030     /lib/i386-linux-gnu/libnss_files-2.19.so
b638a000-b638b000 rw-p 0000b000 08:02 408030     /lib/i386-linux-gnu/libnss_files-2.19.so
b638b000-b6395000 r-xp 00000000 08:02 408037     /lib/i386-linux-gnu/libnss_nis-2.19.so
b6395000-b6396000 r--p 00009000 08:02 408037     /lib/i386-linux-gnu/libnss_nis-2.19.so
b6396000-b6397000 rw-p 0000a000 08:02 408037     /lib/i386-linux-gnu/libnss_nis-2.19.so
b6397000-b63ac000 r-xp 00000000 08:02 408034     /lib/i386-linux-gnu/libnsl-2.19.so
b63ac000-b63ad000 r--p 00015000 08:02 408034     /lib/i386-linux-gnu/libnsl-2.19.so
b63ad000-b63ae000 rw-p 00016000 08:02 408034     /lib/i386-linux-gnu/libnsl-2.19.so
b63ae000-b63b0000 rw-p 00000000 00:00 0 
b63b0000-b63b1000 r--s 00001000 08:09 14815597   /home/ws23/Code/research/fmj/lib/jogg-0.0.7.jar
b63b1000-b63b2000 r--s 00005000 08:09 14815601   /home/ws23/Code/research/fmj/lib/mp3spi1.9.4.jar
b63b2000-b63b6000 r--s 0003c000 08:03 1990939    /usr/lib/jvm/java-7-openjdk-i386/jre/lib/ext/sunpkcs11.jar
b63b6000-b63b9000 r--s 0000f000 08:03 1990938    /usr/lib/jvm/java-7-openjdk-i386/jre/lib/ext/icedtea-sound.jar
b63b9000-b63bb000 r--s 00012000 08:03 1990940    /usr/lib/jvm/java-7-openjdk-i386/jre/lib/ext/zipfs.jar
b63bb000-b63bc000 r--s 00002000 08:03 1990941    /usr/lib/jvm/java-7-openjdk-i386/jre/lib/ext/dnsns.jar
b63bc000-b63c0000 r--s 00085000 08:03 1990942    /usr/lib/jvm/java-7-openjdk-i386/jre/lib/ext/localedata.jar
b63c0000-b63c4000 r--s 00034000 08:03 1990937    /usr/lib/jvm/java-7-openjdk-i386/jre/lib/ext/sunjce_provider.jar
b63c4000-b63cc000 r-xp 00000000 08:03 1968327    /usr/lib/jvm/java-7-openjdk-i386/jre/lib/i386/libzip.so
b63cc000-b63cd000 r--p 00007000 08:03 1968327    /usr/lib/jvm/java-7-openjdk-i386/jre/lib/i386/libzip.so
b63cd000-b63ce000 rw-p 00008000 08:03 1968327    /usr/lib/jvm/java-7-openjdk-i386/jre/lib/i386/libzip.so
b63ce000-b63f5000 r-xp 00000000 08:03 1968326    /usr/lib/jvm/java-7-openjdk-i386/jre/lib/i386/libjava.so
b63f5000-b63f6000 r--p 00026000 08:03 1968326    /usr/lib/jvm/java-7-openjdk-i386/jre/lib/i386/libjava.so
b63f6000-b63f7000 rw-p 00027000 08:03 1968326    /usr/lib/jvm/java-7-openjdk-i386/jre/lib/i386/libjava.so
b63f7000-b63fe000 r-xp 00000000 08:02 408045     /lib/i386-linux-gnu/librt-2.19.so
b63fe000-b63ff000 r--p 00006000 08:02 408045     /lib/i386-linux-gnu/librt-2.19.so
b63ff000-b6400000 rw-p 00007000 08:02 408045     /lib/i386-linux-gnu/librt-2.19.so
b6400000-b64ff000 rw-p 00000000 00:00 0 
b64ff000-b6500000 ---p 00000000 00:00 0 
b6500000-b6508000 rw-s 00000000 08:07 49         /tmp/hsperfdata_ws23/10442
b6508000-b650b000 ---p 00000000 00:00 0 
b650b000-b6559000 rwxp 00000000 00:00 0          [stack:10443]
b6559000-b6575000 r-xp 00000000 08:02 390255     /lib/i386-linux-gnu/libgcc_s.so.1
b6575000-b6576000 rw-p 0001b000 08:02 390255     /lib/i386-linux-gnu/libgcc_s.so.1
b6576000-b65ba000 r-xp 00000000 08:02 408031     /lib/i386-linux-gnu/libm-2.19.so
b65ba000-b65bb000 r--p 00043000 08:02 408031     /lib/i386-linux-gnu/libm-2.19.so
b65bb000-b65bc000 rw-p 00044000 08:02 408031     /lib/i386-linux-gnu/libm-2.19.so
b65bc000-b6698000 r-xp 00000000 08:03 1965677    /usr/lib/i386-linux-gnu/libstdc++.so.6.0.19
b6698000-b6699000 ---p 000dc000 08:03 1965677    /usr/lib/i386-linux-gnu/libstdc++.so.6.0.19
b6699000-b669d000 r--p 000dc000 08:03 1965677    /usr/lib/i386-linux-gnu/libstdc++.so.6.0.19
b669d000-b669e000 rw-p 000e0000 08:03 1965677    /usr/lib/i386-linux-gnu/libstdc++.so.6.0.19
b669e000-b66a5000 rw-p 00000000 00:00 0 
b66a5000-b7090000 r-xp 00000000 08:03 1969936    /usr/lib/jvm/java-7-openjdk-i386/jre/lib/i386/server/libjvm.so
b7090000-b7091000 ---p 009eb000 08:03 1969936    /usr/lib/jvm/java-7-openjdk-i386/jre/lib/i386/server/libjvm.so
b7091000-b70e3000 r--p 009eb000 08:03 1969936    /usr/lib/jvm/java-7-openjdk-i386/jre/lib/i386/server/libjvm.so
b70e3000-b70f7000 rw-p 00a3d000 08:03 1969936    /usr/lib/jvm/java-7-openjdk-i386/jre/lib/i386/server/libjvm.so
b70f7000-b7515000 rw-p 00000000 00:00 0 
b7515000-b752d000 r-xp 00000000 08:02 391300     /lib/i386-linux-gnu/libz.so.1.2.8
b752d000-b752e000 r--p 00017000 08:02 391300     /lib/i386-linux-gnu/libz.so.1.2.8
b752e000-b752f000 rw-p 00018000 08:02 391300     /lib/i386-linux-gnu/libz.so.1.2.8
b752f000-b7547000 r-xp 00000000 08:02 408044     /lib/i386-linux-gnu/libpthread-2.19.so
b7547000-b7548000 r--p 00017000 08:02 408044     /lib/i386-linux-gnu/libpthread-2.19.so
b7548000-b7549000 rw-p 00018000 08:02 408044     /lib/i386-linux-gnu/libpthread-2.19.so
b7549000-b754b000 rw-p 00000000 00:00 0 
b754b000-b754e000 r-xp 00000000 08:02 408041     /lib/i386-linux-gnu/libdl-2.19.so
b754e000-b754f000 r--p 00002000 08:02 408041     /lib/i386-linux-gnu/libdl-2.19.so
b754f000-b7550000 rw-p 00003000 08:02 408041     /lib/i386-linux-gnu/libdl-2.19.so
b7550000-b76f9000 r-xp 00000000 08:02 408028     /lib/i386-linux-gnu/libc-2.19.so
b76f9000-b76fb000 r--p 001a8000 08:02 408028     /lib/i386-linux-gnu/libc-2.19.so
b76fb000-b76fc000 rw-p 001aa000 08:02 408028     /lib/i386-linux-gnu/libc-2.19.so
b76fc000-b76ff000 rw-p 00000000 00:00 0 
b76ff000-b7701000 r--s 00006000 08:03 813235     /usr/share/java/java-atk-wrapper.jar
b7701000-b7702000 r--p 00859000 08:03 1968684    /usr/lib/locale/locale-archive
b7702000-b7709000 r-xp 00000000 08:02 408038     /lib/i386-linux-gnu/libnss_compat-2.19.so
b7709000-b770a000 r--p 00006000 08:02 408038     /lib/i386-linux-gnu/libnss_compat-2.19.so
b770a000-b770b000 rw-p 00007000 08:02 408038     /lib/i386-linux-gnu/libnss_compat-2.19.so
b770b000-b770c000 rw-p 00000000 00:00 0 
b770c000-b770d000 r--p 00000000 00:00 0 
b770d000-b771b000 r-xp 00000000 08:03 1973166    /usr/lib/jvm/java-7-openjdk-i386/jre/lib/i386/libverify.so
b771b000-b771c000 r--p 0000d000 08:03 1973166    /usr/lib/jvm/java-7-openjdk-i386/jre/lib/i386/libverify.so
b771c000-b771d000 rw-p 0000e000 08:03 1973166    /usr/lib/jvm/java-7-openjdk-i386/jre/lib/i386/libverify.so
b771d000-b7729000 r-xp 00000000 08:03 1973170    /usr/lib/jvm/java-7-openjdk-i386/jre/lib/i386/jli/libjli.so
b7729000-b772a000 r--p 0000c000 08:03 1973170    /usr/lib/jvm/java-7-openjdk-i386/jre/lib/i386/jli/libjli.so
b772a000-b772b000 rw-p 0000d000 08:03 1973170    /usr/lib/jvm/java-7-openjdk-i386/jre/lib/i386/jli/libjli.so
b772b000-b772e000 rw-p 00000000 00:00 0 
b772e000-b772f000 r-xp 00000000 00:00 0          [vdso]
b772f000-b774f000 r-xp 00000000 08:02 408027     /lib/i386-linux-gnu/ld-2.19.so
b774f000-b7750000 r--p 0001f000 08:02 408027     /lib/i386-linux-gnu/ld-2.19.so
b7750000-b7751000 rw-p 00020000 08:02 408027     /lib/i386-linux-gnu/ld-2.19.so
bf9be000-bf9bf000 rwxp 00000000 00:00 0 
bf9f1000-bfa11000 rwxp 00000000 00:00 0          [stack]
bfa11000-bfa12000 rw-p 00000000 00:00 0 

VM Arguments:
jvm_args: -Djava.library.path=native/linux-x86 
java_command: net.sf.fmj.ui.registry.RegistryEditorPanel
Launcher Type: SUN_STANDARD

Environment Variables:
CLASSPATH=/home/ws23/Code/research/JMF-2.1.1e/lib/jmf.jar:/home/ws23/Code/research/JMF-2.1.1e/lib/customizer.jar:/home/ws23/Code/research/JMF-2.1.1e/lib/multiplayer.jar:.
PATH=/usr/local/sbin:/usr/local/bin:/usr/sbin:/usr/bin:/sbin:/bin:/usr/games:/usr/local/games
SHELL=/bin/bash
DISPLAY=:0

Signal Handlers:
SIGSEGV: [libjvm.so+0x80a5e0], sa_mask[0]=0x7ffbfeff, sa_flags=0x10000004
SIGBUS: [libjvm.so+0x80a5e0], sa_mask[0]=0x7ffbfeff, sa_flags=0x10000004
SIGFPE: [libjvm.so+0x6844f0], sa_mask[0]=0x7ffbfeff, sa_flags=0x10000004
SIGPIPE: [libjvm.so+0x6844f0], sa_mask[0]=0x7ffbfeff, sa_flags=0x10000004
SIGXFSZ: [libjvm.so+0x6844f0], sa_mask[0]=0x7ffbfeff, sa_flags=0x10000004
SIGILL: [libjvm.so+0x6844f0], sa_mask[0]=0x7ffbfeff, sa_flags=0x10000004
SIGUSR1: SIG_DFL, sa_mask[0]=0x00000000, sa_flags=0x00000000
SIGUSR2: [libjvm.so+0x684380], sa_mask[0]=0x00000000, sa_flags=0x10000004
SIGHUP: [libjvm.so+0x6845b0], sa_mask[0]=0x7ffbfeff, sa_flags=0x10000004
SIGINT: [libjvm.so+0x6845b0], sa_mask[0]=0x7ffbfeff, sa_flags=0x10000004
SIGTERM: [libjvm.so+0x6845b0], sa_mask[0]=0x7ffbfeff, sa_flags=0x10000004
SIGQUIT: [libjvm.so+0x6845b0], sa_mask[0]=0x7ffbfeff, sa_flags=0x10000004
SIGTRAP: SIG_DFL, sa_mask[0]=0x00000000, sa_flags=0x00000000


---------------  S Y S T E M  ---------------

OS:Ubuntu 14.04 (trusty)
uname:Linux 3.13.0-40-generic #69-Ubuntu SMP Thu Nov 13 17:56:26 UTC 2014 i686
libc:glibc 2.19 NPTL 2.19 
rlimit: STACK 8192k, CORE 0k, NPROC 62934, NOFILE 4096, AS infinity
load average:1.65 1.60 1.61

/proc/meminfo:
MemTotal:        8074840 kB
MemFree:          661580 kB
Buffers:          315860 kB
Cached:          2742672 kB
SwapCached:        50528 kB
Active:          4915648 kB
Inactive:        2064144 kB
Active(anon):    3707560 kB
Inactive(anon):   983924 kB
Active(file):    1208088 kB
Inactive(file):  1080220 kB
Unevictable:         240 kB
Mlocked:             240 kB
HighTotal:       7266304 kB
HighFree:         586424 kB
LowTotal:         808536 kB
LowFree:           75156 kB
SwapTotal:      15998972 kB
SwapFree:       15445576 kB
Dirty:               476 kB
Writeback:             0 kB
AnonPages:       3881124 kB
Mapped:           502572 kB
Shmem:            770120 kB
Slab:             202968 kB
SReclaimable:     165792 kB
SUnreclaim:        37176 kB
KernelStack:        7176 kB
PageTables:        35332 kB
NFS_Unstable:          0 kB
Bounce:                0 kB
WritebackTmp:          0 kB
CommitLimit:    20036392 kB
Committed_AS:   12095308 kB
VmallocTotal:     122880 kB
VmallocUsed:       87056 kB
VmallocChunk:      18136 kB
HardwareCorrupted:     0 kB
AnonHugePages:   1687552 kB
HugePages_Total:       0
HugePages_Free:        0
HugePages_Rsvd:        0
HugePages_Surp:        0
Hugepagesize:       2048 kB
DirectMap4k:       53240 kB
DirectMap2M:      858112 kB


CPU:total 4 (2 cores per cpu, 2 threads per core) family 6 model 42 stepping 7, cmov, cx8, fxsr, mmx, sse, sse2, sse3, ssse3, sse4.1, sse4.2, popcnt, avx, aes, ht, tsc, tscinvbit

/proc/cpuinfo:
processor	: 0
vendor_id	: GenuineIntel
cpu family	: 6
model		: 42
model name	: Intel(R) Core(TM) i5-2467M CPU @ 1.60GHz
stepping	: 7
microcode	: 0x25
cpu MHz		: 1601.000
cache size	: 3072 KB
physical id	: 0
siblings	: 4
core id		: 0
cpu cores	: 2
apicid		: 0
initial apicid	: 0
fdiv_bug	: no
f00f_bug	: no
coma_bug	: no
fpu		: yes
fpu_exception	: yes
cpuid level	: 13
wp		: yes
flags		: fpu vme de pse tsc msr pae mce cx8 apic sep mtrr pge mca cmov pat pse36 clflush dts acpi mmx fxsr sse sse2 ss ht tm pbe nx rdtscp lm constant_tsc arch_perfmon pebs bts xtopology nonstop_tsc aperfmperf eagerfpu pni pclmulqdq dtes64 monitor ds_cpl vmx est tm2 ssse3 cx16 xtpr pdcm pcid sse4_1 sse4_2 x2apic popcnt tsc_deadline_timer aes xsave avx lahf_lm ida arat epb xsaveopt pln pts dtherm tpr_shadow vnmi flexpriority ept vpid
bogomips	: 3193.10
clflush size	: 64
cache_alignment	: 64
address sizes	: 36 bits physical, 48 bits virtual
power management:

processor	: 1
vendor_id	: GenuineIntel
cpu family	: 6
model		: 42
model name	: Intel(R) Core(TM) i5-2467M CPU @ 1.60GHz
stepping	: 7
microcode	: 0x25
cpu MHz		: 1601.000
cache size	: 3072 KB
physical id	: 0
siblings	: 4
core id		: 0
cpu cores	: 2
apicid		: 1
initial apicid	: 1
fdiv_bug	: no
f00f_bug	: no
coma_bug	: no
fpu		: yes
fpu_exception	: yes
cpuid level	: 13
wp		: yes
flags		: fpu vme de pse tsc msr pae mce cx8 apic sep mtrr pge mca cmov pat pse36 clflush dts acpi mmx fxsr sse sse2 ss ht tm pbe nx rdtscp lm constant_tsc arch_perfmon pebs bts xtopology nonstop_tsc aperfmperf eagerfpu pni pclmulqdq dtes64 monitor ds_cpl vmx est tm2 ssse3 cx16 xtpr pdcm pcid sse4_1 sse4_2 x2apic popcnt tsc_deadline_timer aes xsave avx lahf_lm ida arat epb xsaveopt pln pts dtherm tpr_shadow vnmi flexpriority ept vpid
bogomips	: 3193.10
clflush size	: 64
cache_alignment	: 64
address sizes	: 36 bits physical, 48 bits virtual
power management:

processor	: 2
vendor_id	: GenuineIntel
cpu family	: 6
model		: 42
model name	: Intel(R) Core(TM) i5-2467M CPU @ 1.60GHz
stepping	: 7
microcode	: 0x25
cpu MHz		: 1601.000
cache size	: 3072 KB
physical id	: 0
siblings	: 4
core id		: 1
cpu cores	: 2
apicid		: 2
initial apicid	: 2
fdiv_bug	: no
f00f_bug	: no
coma_bug	: no
fpu		: yes
fpu_exception	: yes
cpuid level	: 13
wp		: yes
flags		: fpu vme de pse tsc msr pae mce cx8 apic sep mtrr pge mca cmov pat pse36 clflush dts acpi mmx fxsr sse sse2 ss ht tm pbe nx rdtscp lm constant_tsc arch_perfmon pebs bts xtopology nonstop_tsc aperfmperf eagerfpu pni pclmulqdq dtes64 monitor ds_cpl vmx est tm2 ssse3 cx16 xtpr pdcm pcid sse4_1 sse4_2 x2apic popcnt tsc_deadline_timer aes xsave avx lahf_lm ida arat epb xsaveopt pln pts dtherm tpr_shadow vnmi flexpriority ept vpid
bogomips	: 3193.10
clflush size	: 64
cache_alignment	: 64
address sizes	: 36 bits physical, 48 bits virtual
power management:

processor	: 3
vendor_id	: GenuineIntel
cpu family	: 6
model		: 42
model name	: Intel(R) Core(TM) i5-2467M CPU @ 1.60GHz
stepping	: 7
microcode	: 0x25
cpu MHz		: 1601.000
cache size	: 3072 KB
physical id	: 0
siblings	: 4
core id		: 1
cpu cores	: 2
apicid		: 3
initial apicid	: 3
fdiv_bug	: no
f00f_bug	: no
coma_bug	: no
fpu		: yes
fpu_exception	: yes
cpuid level	: 13
wp		: yes
flags		: fpu vme de pse tsc msr pae mce cx8 apic sep mtrr pge mca cmov pat pse36 clflush dts acpi mmx fxsr sse sse2 ss ht tm pbe nx rdtscp lm constant_tsc arch_perfmon pebs bts xtopology nonstop_tsc aperfmperf eagerfpu pni pclmulqdq dtes64 monitor ds_cpl vmx est tm2 ssse3 cx16 xtpr pdcm pcid sse4_1 sse4_2 x2apic popcnt tsc_deadline_timer aes xsave avx lahf_lm ida arat epb xsaveopt pln pts dtherm tpr_shadow vnmi flexpriority ept vpid
bogomips	: 3193.10
clflush size	: 64
cache_alignment	: 64
address sizes	: 36 bits physical, 48 bits virtual
power management:



Memory: 4k page, physical 8074840k(661580k free), swap 15998972k(15445576k free)

vm_info: OpenJDK Server VM (24.65-b04) for linux-x86 JRE (1.7.0_65-b32), built on Oct 22 2014 04:44:59 by "buildd" with gcc 4.8.2

time: Thu Dec  4 23:28:39 2014
elapsed time: 3 seconds

