#
# A fatal error has been detected by the Java Runtime Environment:
#
#  SIGSEGV (0xb) at pc=0xb77e5467, pid=9857, tid=1738537792
#
# JRE version: OpenJDK Runtime Environment (7.0_65-b32) (build 1.7.0_65-b32)
# Java VM: OpenJDK Server VM (24.65-b04 mixed mode linux-x86 )
# Derivative: IcedTea 2.5.3
# Distribution: Ubuntu 14.04 LTS, package 7u71-2.5.3-0ubuntu0.14.04.1
# Problematic frame:
# C  [ld-linux.so.2+0x14467]
#
# Failed to write core dump. Core dumps have been disabled. To enable core dumping, try "ulimit -c unlimited" before starting Java again
#
# If you would like to submit a bug report, please include
# instructions on how to reproduce the bug and visit:
#   http://icedtea.classpath.org/bugzilla
# The crash happened outside the Java Virtual Machine in native code.
# See problematic frame for where to report the bug.
#

---------------  T H R E A D  ---------------

Current thread (0x67c85400):  JavaThread "Finalizer" daemon [_thread_in_native, id=9865, stack(0x679af000,0x67a00000)]

siginfo:si_signo=SIGSEGV: si_errno=0, si_code=1 (SEGV_MAPERR), si_addr=0x00000204

Registers:
EAX=0xb77f1d20, EBX=0xb77f2000, ECX=0x00000000, EDX=0x679ffb3c
ESP=0x679fed30, EBP=0x679fed58, ESI=0x00000000, EDI=0xb77f1d20
EIP=0xb77e5467, EFLAGS=0x00010296, CR2=0x00000204

Top of Stack: (sp=0x679fed30)
0x679fed30:   00000000 00000000 00000005 00000024
0x679fed40:   00000000 b77cd458 66976f32 b75f1000
0x679fed50:   00000000 b77f1d20 679fee88 b75eddc2
0x679fed60:   00000000 b77f2000 679fee74 67a90eb8
0x679fed70:   679fee30 b75edda6 b77f2000 b77dfc26
0x679fed80:   00000000 00000000 00000000 679ffb3c
0x679fed90:   00000000 08a9a75c 08a9a760 08a9a758
0x679feda0:   b7185000 08a9a75c 08a9a760 08a9a758 

Instructions: (pc=0xb77e5467)
0xb77e5447:   00 00 00 8d bf 00 00 00 00 55 89 e5 57 56 53 83
0xb77e5457:   ec 1c 8b 75 08 e8 47 43 00 00 81 c3 9f cb 00 00
0xb77e5467:   f6 86 04 02 00 00 08 75 32 8b 96 90 01 00 00 85
0xb77e5477:   d2 74 5b 8d bb 04 05 00 00 89 3c 24 ff 93 38 08 

Register to memory mapping:

EAX=0xb77f1d20: _rtld_global_ro+0 in /lib/ld-linux.so.2 at 0xb77d1000
EBX=0xb77f2000: <offset 0x21000> in /lib/ld-linux.so.2 at 0xb77d1000
ECX=0x00000000 is an unknown value
EDX=0x679ffb3c is pointing into the stack for thread: 0x67c85400
ESP=0x679fed30 is pointing into the stack for thread: 0x67c85400
EBP=0x679fed58 is pointing into the stack for thread: 0x67c85400
ESI=0x00000000 is an unknown value
EDI=0xb77f1d20: _rtld_global_ro+0 in /lib/ld-linux.so.2 at 0xb77d1000


Stack: [0x679af000,0x67a00000],  sp=0x679fed30,  free space=319k
Native frames: (J=compiled Java code, j=interpreted, Vv=VM code, C=native code)
C  [ld-linux.so.2+0x14467]
C  [libdl.so.2+0xdc2]
C  [libdl.so.2+0xdf8]  dlclose+0x28
j  com.sun.jna.NativeLibrary.close(J)V+0
j  com.sun.jna.NativeLibrary.finalize()V+4
j  java.lang.System$2.invokeFinalize(Ljava/lang/Object;)V+1
j  java.lang.ref.Finalizer.runFinalizer(Lsun/misc/JavaLangAccess;)V+46
j  java.lang.ref.Finalizer.access$100(Ljava/lang/ref/Finalizer;Lsun/misc/JavaLangAccess;)V+2
j  java.lang.ref.Finalizer$FinalizerThread.run()V+45
v  ~StubRoutines::call_stub
V  [libjvm.so+0x4b2eb6]  JavaCalls::call_helper(JavaValue*, methodHandle*, JavaCallArguments*, Thread*)+0x386

Java frames: (J=compiled Java code, j=interpreted, Vv=VM code)
j  com.sun.jna.NativeLibrary.close(J)V+0
j  com.sun.jna.NativeLibrary.finalize()V+4
j  java.lang.System$2.invokeFinalize(Ljava/lang/Object;)V+1
j  java.lang.ref.Finalizer.runFinalizer(Lsun/misc/JavaLangAccess;)V+46
j  java.lang.ref.Finalizer.access$100(Ljava/lang/ref/Finalizer;Lsun/misc/JavaLangAccess;)V+2
j  java.lang.ref.Finalizer$FinalizerThread.run()V+45
v  ~StubRoutines::call_stub

---------------  P R O C E S S  ---------------

Java Threads: ( => current thread )
  0x6686ac00 JavaThread "AWT-EventQueue-0" [_thread_blocked, id=9874, stack(0x6675e000,0x667af000)]
  0x6685d000 JavaThread "AWT-Shutdown" [_thread_blocked, id=9873, stack(0x667af000,0x66800000)]
  0x6684ec00 JavaThread "AWT-XAWT" daemon [_thread_in_native, id=9872, stack(0x66911000,0x66962000)]
  0x66840c00 JavaThread "Java2D Disposer" daemon [_thread_blocked, id=9871, stack(0x66986000,0x669d7000)]
  0x67c9d400 JavaThread "Service Thread" daemon [_thread_blocked, id=9869, stack(0x6760b000,0x6765c000)]
  0x67c9b800 JavaThread "C2 CompilerThread1" daemon [_thread_blocked, id=9868, stack(0x6765c000,0x676dd000)]
  0x67c99800 JavaThread "C2 CompilerThread0" daemon [_thread_in_native_trans, id=9867, stack(0x676dd000,0x6775e000)]
  0x67c97c00 JavaThread "Signal Dispatcher" daemon [_thread_blocked, id=9866, stack(0x6775e000,0x677af000)]
=>0x67c85400 JavaThread "Finalizer" daemon [_thread_in_native, id=9865, stack(0x679af000,0x67a00000)]
  0x67c83c00 JavaThread "Reference Handler" daemon [_thread_blocked, id=9864, stack(0x6a92e000,0x6a97f000)]
  0xb6407800 JavaThread "main" [_thread_in_Java, id=9858, stack(0xb65aa000,0xb65fb000)]

Other Threads:
  0x67c81000 VMThread [stack: 0x67d4e000,0x67dcf000] [id=9863]
  0x67ca7400 WatcherThread [stack: 0x6758a000,0x6760b000] [id=9870]

VM state:not at safepoint (normal execution)

VM Mutex/Monitor currently owned by a thread: None

Heap
 PSYoungGen      total 19456K, used 5063K [0x9ddc0000, 0xa03c0000, 0xb3340000)
  eden space 16896K, 14% used [0x9ddc0000,0x9e035e70,0x9ee40000)
  from space 2560K, 99% used [0x9ee40000,0x9f0bc060,0x9f0c0000)
  to   space 2560K, 0% used [0xa0140000,0xa0140000,0xa03c0000)
 ParOldGen       total 43520K, used 978K [0x73340000, 0x75dc0000, 0x9ddc0000)
  object space 43520K, 2% used [0x73340000,0x73434a20,0x75dc0000)
 PSPermGen       total 16384K, used 9052K [0x6b340000, 0x6c340000, 0x73340000)
  object space 16384K, 55% used [0x6b340000,0x6bc172b0,0x6c340000)

Card table byte_map: [0x6b0ff000,0x6b340000] byte_map_base: 0x6ada5600

Polling page: 0xb77ae000

Code Cache  [0xb3400000, 0xb3640000, 0xb6400000)
 total_blobs=341 nmethods=107 adapters=187 free_code_cache=48658Kb largest_free_block=49805568

Compilation events (10 events):
Event: 1.212 Thread 0x67c9b800   96             java.nio.Buffer::position (5 bytes)
Event: 1.212 Thread 0x67c9b800 nmethod 96 0xb34762c8 code [0xb34763a0, 0xb34763f0]
Event: 1.214 Thread 0x67c9b800   97             sun.font.Type1Font::skip (47 bytes)
Event: 1.217 Thread 0x67c99800 nmethod 94 0xb3475a88 code [0xb3475ba0, 0xb3475eb0]
Event: 1.217 Thread 0x67c99800   98             java.nio.Buffer::position (43 bytes)
Event: 1.218 Thread 0x67c99800 nmethod 98 0xb347c288 code [0xb347c380, 0xb347c3f0]
Event: 1.219 Thread 0x67c9b800 nmethod 97 0xb3475688 code [0xb3475780, 0xb34758f0]
Event: 1.221 Thread 0x67c99800   99             java.nio.Buffer::remaining (10 bytes)
Event: 1.221 Thread 0x67c99800 nmethod 99 0xb3475508 code [0xb34755e0, 0xb3475630]
Event: 1.241 Thread 0x67c9b800  100             java.util.HashMap::put (142 bytes)

GC Heap History (2 events):
Event: 1.241 GC heap before
{Heap before GC invocations=1 (full 0):
 PSYoungGen      total 19456K, used 16896K [0x9ddc0000, 0x9f340000, 0xb3340000)
  eden space 16896K, 100% used [0x9ddc0000,0x9ee40000,0x9ee40000)
  from space 2560K, 0% used [0x9f0c0000,0x9f0c0000,0x9f340000)
  to   space 2560K, 0% used [0x9ee40000,0x9ee40000,0x9f0c0000)
 ParOldGen       total 43520K, used 0K [0x73340000, 0x75dc0000, 0x9ddc0000)
  object space 43520K, 0% used [0x73340000,0x73340000,0x75dc0000)
 PSPermGen       total 16384K, used 9049K [0x6b340000, 0x6c340000, 0x73340000)
  object space 16384K, 55% used [0x6b340000,0x6bc16798,0x6c340000)
Event: 1.257 GC heap after
Heap after GC invocations=1 (full 0):
 PSYoungGen      total 19456K, used 2544K [0x9ddc0000, 0xa03c0000, 0xb3340000)
  eden space 16896K, 0% used [0x9ddc0000,0x9ddc0000,0x9ee40000)
  from space 2560K, 99% used [0x9ee40000,0x9f0bc060,0x9f0c0000)
  to   space 2560K, 0% used [0xa0140000,0xa0140000,0xa03c0000)
 ParOldGen       total 43520K, used 978K [0x73340000, 0x75dc0000, 0x9ddc0000)
  object space 43520K, 2% used [0x73340000,0x73434a20,0x75dc0000)
 PSPermGen       total 16384K, used 9049K [0x6b340000, 0x6c340000, 0x73340000)
  object space 16384K, 55% used [0x6b340000,0x6bc16798,0x6c340000)
}

Deoptimization events (8 events):
Event: 0.696 Thread 0xb6407800 Uncommon trap: reason=class_check action=maybe_recompile pc=0xb34539c4 method=java.lang.String.equals(Ljava/lang/Object;)Z @ 8
Event: 0.696 Thread 0xb6407800 Uncommon trap: reason=class_check action=maybe_recompile pc=0xb34539c4 method=java.lang.String.equals(Ljava/lang/Object;)Z @ 8
Event: 0.696 Thread 0xb6407800 Uncommon trap: reason=class_check action=maybe_recompile pc=0xb34539c4 method=java.lang.String.equals(Ljava/lang/Object;)Z @ 8
Event: 0.696 Thread 0xb6407800 Uncommon trap: reason=class_check action=maybe_recompile pc=0xb34539c4 method=java.lang.String.equals(Ljava/lang/Object;)Z @ 8
Event: 0.717 Thread 0xb6407800 Uncommon trap: reason=unreached action=reinterpret pc=0xb3459ac0 method=java.io.DataOutputStream.writeUTF(Ljava/lang/String;Ljava/io/DataOutput;)I @ 128
Event: 0.880 Thread 0xb6407800 Uncommon trap: reason=unreached action=reinterpret pc=0xb345da48 method=java.lang.Class.searchMethods([Ljava/lang/reflect/Method;Ljava/lang/String;[Ljava/lang/Class;)Ljava/lang/reflect/Method; @ 75
Event: 0.949 Thread 0xb6407800 Uncommon trap: reason=unreached action=reinterpret pc=0xb345ef90 method=java.lang.AbstractStringBuilder.append(Ljava/lang/String;)Ljava/lang/AbstractStringBuilder; @ 1
Event: 0.951 Thread 0xb6407800 Uncommon trap: reason=unreached action=reinterpret pc=0xb345d31c method=java.lang.AbstractStringBuilder.append(Ljava/lang/String;)Ljava/lang/AbstractStringBuilder; @ 1

Internal exceptions (10 events):
Event: 0.844 Thread 0xb6407800 Threw 0x9e909350 at /build/buildd/openjdk-7-7u71-2.5.3/build/openjdk/hotspot/src/share/vm/prims/jvm.cpp:1284
Event: 0.845 Thread 0xb6407800 Threw 0x9e90a968 at /build/buildd/openjdk-7-7u71-2.5.3/build/openjdk/hotspot/src/share/vm/prims/jvm.cpp:1284
Event: 0.845 Thread 0xb6407800 Threw 0x9e90c158 at /build/buildd/openjdk-7-7u71-2.5.3/build/openjdk/hotspot/src/share/vm/prims/jvm.cpp:1284
Event: 0.845 Thread 0xb6407800 Threw 0x9e90d748 at /build/buildd/openjdk-7-7u71-2.5.3/build/openjdk/hotspot/src/share/vm/prims/jvm.cpp:1284
Event: 0.845 Thread 0xb6407800 Threw 0x9e90ef38 at /build/buildd/openjdk-7-7u71-2.5.3/build/openjdk/hotspot/src/share/vm/prims/jvm.cpp:1284
Event: 0.845 Thread 0xb6407800 Threw 0x9e9104b0 at /build/buildd/openjdk-7-7u71-2.5.3/build/openjdk/hotspot/src/share/vm/prims/jvm.cpp:1284
Event: 0.845 Thread 0xb6407800 Threw 0x9e911ba8 at /build/buildd/openjdk-7-7u71-2.5.3/build/openjdk/hotspot/src/share/vm/prims/jvm.cpp:1284
Event: 0.887 Thread 0xb6407800 Threw 0x9e9832c0 at /build/buildd/openjdk-7-7u71-2.5.3/build/openjdk/hotspot/src/share/vm/prims/jvm.cpp:1284
Event: 0.949 Thread 0xb6407800 Implicit null exception at 0xb345ec3f to 0xb345ef7d
Event: 0.951 Thread 0xb6407800 Implicit null exception at 0xb345cfbf to 0xb345d309

Events (10 events):
Event: 1.134 loading class 0x6a8bb580
Event: 1.134 loading class 0x6a8bb580 done
Event: 1.143 loading class 0x66878920
Event: 1.144 loading class 0x66878920 done
Event: 1.232 loading class 0x6ae4e008
Event: 1.232 loading class 0x6ae4e008 done
Event: 1.232 loading class 0x6ae4e0c0
Event: 1.232 loading class 0x6ae4e0c0 done
Event: 1.241 Executing VM operation: ParallelGCFailedAllocation
Event: 1.257 Executing VM operation: ParallelGCFailedAllocation done


Dynamic libraries:
08048000-08049000 r-xp 00000000 08:03 1990965    /usr/lib/jvm/java-7-openjdk-i386/jre/bin/java
08049000-0804a000 r--p 00000000 08:03 1990965    /usr/lib/jvm/java-7-openjdk-i386/jre/bin/java
0804a000-0804b000 rw-p 00001000 08:03 1990965    /usr/lib/jvm/java-7-openjdk-i386/jre/bin/java
08a99000-08aba000 rw-p 00000000 00:00 0          [heap]
64999000-64b00000 rw-p 00000000 00:00 0 
64b00000-64b4e000 rw-p 00000000 00:00 0 
64b4e000-64c00000 ---p 00000000 00:00 0 
64c57000-64d00000 rw-p 00000000 00:00 0 
64d00000-64da2000 rw-p 00000000 00:00 0 
64da2000-64e00000 ---p 00000000 00:00 0 
64e2b000-64e2c000 r--s 00000000 08:05 1047587    /var/cache/fontconfig/c05880de57d1f5e948fdfacc138775d9-le32d4.cache-4
64e2c000-64e34000 r--s 00000000 08:05 1046616    /var/cache/fontconfig/945677eb7aeaf62f1d50efc3fb3ec7d8-le32d4.cache-4
64e34000-64e36000 r--s 00000000 08:05 1047323    /var/cache/fontconfig/99e8ed0e538f840c565b6ed5dad60d56-le32d4.cache-4
64e36000-64e3c000 r--s 00000000 08:05 1047322    /var/cache/fontconfig/a6d8cf8e4ec09cdbc8633c31745a07dd-le32d4.cache-4
64e3c000-64e40000 r--s 00000000 08:05 1047584    /var/cache/fontconfig/2cd17615ca594fa2959ae173292e504c-le32d4.cache-4
64e40000-64e41000 r--s 00000000 08:05 1047583    /var/cache/fontconfig/e7071f4a29fa870f4323321c154eba04-le32d4.cache-4
64e41000-64e42000 r--s 00000000 08:05 1047582    /var/cache/fontconfig/0d8c3b2ac0904cb8a57a757ad11a4a08-le32d4.cache-4
64e42000-64e47000 r--s 00000000 08:05 1047581    /var/cache/fontconfig/a755afe4a08bf5b97852ceb7400b47bc-le32d4.cache-4
64e47000-64e50000 r--s 00000000 08:05 1047114    /var/cache/fontconfig/6d41288fd70b0be22e8c3a91e032eec0-le32d4.cache-4
64e50000-64e5f000 r--s 00000000 08:05 1047579    /var/cache/fontconfig/04aabc0a78ac019cf9454389977116d2-le32d4.cache-4
64e5f000-64e60000 r--s 00000000 08:05 1047578    /var/cache/fontconfig/1ac9eb803944fde146138c791f5cc56a-le32d4.cache-4
64e60000-64e63000 r--s 00000000 08:05 1047577    /var/cache/fontconfig/385c0604a188198f04d133e54aba7fe7-le32d4.cache-4
64e63000-64e67000 r--s 00000000 08:05 1047562    /var/cache/fontconfig/8801497958630a81b71ace7c5f9b32a8-le32d4.cache-4
64e67000-64e6e000 r--s 00000000 08:05 1047321    /var/cache/fontconfig/52f7bdb7ce746bfd7eaa1985bd9cfa93-le32d4.cache-4
64e6e000-64e7e000 r--s 00000000 08:05 1047569    /var/cache/fontconfig/d52a8644073d54c13679302ca1180695-le32d4.cache-4
64e7e000-64e85000 r--s 00000000 08:05 1046609    /var/cache/fontconfig/3f7329c5293ffd510edef78f73874cfd-le32d4.cache-4
64e85000-64e8e000 r--s 00000000 08:05 1047079    /var/cache/fontconfig/d589a48862398ed80a3d6066f4f56f4c-le32d4.cache-4
64e8e000-64e97000 r--s 00000000 08:05 1047566    /var/cache/fontconfig/089dead882dea3570ffc31a9898cfb69-le32d4.cache-4
64efd000-64f00000 rw-p 00000000 00:00 0 
64f00000-64f96000 rw-p 00000000 00:00 0 
64f96000-65000000 ---p 00000000 00:00 0 
65000000-65002000 r--s 00000000 08:05 1047563    /var/cache/fontconfig/767a8244fc0220cfb567a839d0392e0b-le32d4.cache-4
65002000-65013000 r-xp 00000000 08:03 1968355    /usr/lib/jvm/java-7-openjdk-i386/jre/lib/i386/libnio.so
65013000-65014000 r--p 00010000 08:03 1968355    /usr/lib/jvm/java-7-openjdk-i386/jre/lib/i386/libnio.so
65014000-65015000 rw-p 00011000 08:03 1968355    /usr/lib/jvm/java-7-openjdk-i386/jre/lib/i386/libnio.so
65015000-65064000 r-xp 00000000 08:03 1973080    /usr/lib/jvm/java-7-openjdk-i386/jre/lib/i386/libfontmanager.so
65064000-65066000 r--p 0004e000 08:03 1973080    /usr/lib/jvm/java-7-openjdk-i386/jre/lib/i386/libfontmanager.so
65066000-65067000 rw-p 00050000 08:03 1973080    /usr/lib/jvm/java-7-openjdk-i386/jre/lib/i386/libfontmanager.so
65067000-650b8000 r-xp 00000000 08:03 1965701    /usr/lib/i386-linux-gnu/libtheora.so.0.3.10
650b8000-650b9000 r--p 00051000 08:03 1965701    /usr/lib/i386-linux-gnu/libtheora.so.0.3.10
650b9000-650ba000 rw-p 00052000 08:03 1965701    /usr/lib/i386-linux-gnu/libtheora.so.0.3.10
650ba000-65145000 r-xp 00000000 08:03 1965496    /usr/lib/i386-linux-gnu/liborc-0.4.so.0.18.0
65145000-65146000 r--p 0008a000 08:03 1965496    /usr/lib/i386-linux-gnu/liborc-0.4.so.0.18.0
65146000-6514a000 rw-p 0008b000 08:03 1965496    /usr/lib/i386-linux-gnu/liborc-0.4.so.0.18.0
6514a000-65196000 r-xp 00000000 08:03 1970579    /usr/lib/i386-linux-gnu/libmp3lame.so.0.0.0
65196000-65197000 ---p 0004c000 08:03 1970579    /usr/lib/i386-linux-gnu/libmp3lame.so.0.0.0
65197000-65198000 r--p 0004c000 08:03 1970579    /usr/lib/i386-linux-gnu/libmp3lame.so.0.0.0
65198000-65199000 rw-p 0004d000 08:03 1970579    /usr/lib/i386-linux-gnu/libmp3lame.so.0.0.0
65199000-651c8000 rw-p 00000000 00:00 0 
651c8000-651e6000 r-xp 00000000 08:03 1970581    /usr/lib/i386-linux-gnu/libopenjpeg-2.1.3.0.so
651e6000-651e7000 r--p 0001e000 08:03 1970581    /usr/lib/i386-linux-gnu/libopenjpeg-2.1.3.0.so
651e7000-651e8000 rw-p 0001f000 08:03 1970581    /usr/lib/i386-linux-gnu/libopenjpeg-2.1.3.0.so
651e8000-6522d000 r-xp 00000000 08:03 1970583    /usr/lib/i386-linux-gnu/libopus.so.0.5.0
6522d000-6522e000 r--p 00044000 08:03 1970583    /usr/lib/i386-linux-gnu/libopus.so.0.5.0
6522e000-6522f000 rw-p 00045000 08:03 1970583    /usr/lib/i386-linux-gnu/libopus.so.0.5.0
6522f000-652e6000 r-xp 00000000 08:03 1970585    /usr/lib/i386-linux-gnu/libschroedinger-1.0.so.0.11.0
652e6000-652e7000 r--p 000b7000 08:03 1970585    /usr/lib/i386-linux-gnu/libschroedinger-1.0.so.0.11.0
652e7000-652e8000 rw-p 000b8000 08:03 1970585    /usr/lib/i386-linux-gnu/libschroedinger-1.0.so.0.11.0
652e8000-65309000 r-xp 00000000 08:03 1968079    /usr/lib/i386-linux-gnu/sse2/libspeex.so.1.5.0
65309000-6530a000 r--p 00020000 08:03 1968079    /usr/lib/i386-linux-gnu/sse2/libspeex.so.1.5.0
6530a000-6530b000 rw-p 00021000 08:03 1968079    /usr/lib/i386-linux-gnu/sse2/libspeex.so.1.5.0
6530b000-65323000 r-xp 00000000 08:03 1965703    /usr/lib/i386-linux-gnu/libtheoradec.so.1.1.4
65323000-65324000 r--p 00017000 08:03 1965703    /usr/lib/i386-linux-gnu/libtheoradec.so.1.1.4
65324000-65325000 rw-p 00018000 08:03 1965703    /usr/lib/i386-linux-gnu/libtheoradec.so.1.1.4
65325000-65368000 r-xp 00000000 08:03 1965705    /usr/lib/i386-linux-gnu/libtheoraenc.so.1.1.2
65368000-65369000 r--p 00042000 08:03 1965705    /usr/lib/i386-linux-gnu/libtheoraenc.so.1.1.2
65369000-6536a000 rw-p 00043000 08:03 1965705    /usr/lib/i386-linux-gnu/libtheoraenc.so.1.1.2
6536a000-65393000 r-xp 00000000 08:03 1965766    /usr/lib/i386-linux-gnu/libvorbis.so.0.4.5
65393000-65394000 ---p 00029000 08:03 1965766    /usr/lib/i386-linux-gnu/libvorbis.so.0.4.5
65394000-65395000 r--p 00029000 08:03 1965766    /usr/lib/i386-linux-gnu/libvorbis.so.0.4.5
65395000-65396000 rw-p 0002a000 08:03 1965766    /usr/lib/i386-linux-gnu/libvorbis.so.0.4.5
65396000-654fc000 r-xp 00000000 08:03 1965768    /usr/lib/i386-linux-gnu/libvorbisenc.so.2.0.8
654fc000-6550d000 r--p 00165000 08:03 1965768    /usr/lib/i386-linux-gnu/libvorbisenc.so.2.0.8
6550d000-6550e000 rw-p 00176000 08:03 1965768    /usr/lib/i386-linux-gnu/libvorbisenc.so.2.0.8
6550e000-65698000 r-xp 00000000 08:03 1965773    /usr/lib/i386-linux-gnu/libvpx.so.1.3.0
65698000-65699000 rw-p 00189000 08:03 1965773    /usr/lib/i386-linux-gnu/libvpx.so.1.3.0
65699000-656df000 rw-p 00000000 00:00 0 
656df000-6580e000 r-xp 00000000 08:03 1970591    /usr/lib/i386-linux-gnu/i686/sse2/libx264.so.142
6580e000-6580f000 r--p 0012e000 08:03 1970591    /usr/lib/i386-linux-gnu/i686/sse2/libx264.so.142
6580f000-65810000 rw-p 0012f000 08:03 1970591    /usr/lib/i386-linux-gnu/i686/sse2/libx264.so.142
65810000-6588b000 rw-p 00000000 00:00 0 
6588b000-658a0000 r-xp 00000000 08:03 1970587    /usr/lib/i386-linux-gnu/libva.so.1.3500.0
658a0000-658a1000 r--p 00014000 08:03 1970587    /usr/lib/i386-linux-gnu/libva.so.1.3500.0
658a1000-658a2000 rw-p 00015000 08:03 1970587    /usr/lib/i386-linux-gnu/libva.so.1.3500.0
658a2000-658b2000 r-xp 00000000 08:02 391136     /lib/i386-linux-gnu/libbz2.so.1.0.4
658b2000-658b3000 r--p 0000f000 08:02 391136     /lib/i386-linux-gnu/libbz2.so.1.0.4
658b3000-658b4000 rw-p 00010000 08:02 391136     /lib/i386-linux-gnu/libbz2.so.1.0.4
658b4000-658cd000 r-xp 00000000 08:03 1965609    /usr/lib/i386-linux-gnu/librtmp.so.0
658cd000-658ce000 r--p 00018000 08:03 1965609    /usr/lib/i386-linux-gnu/librtmp.so.0
658ce000-658cf000 rw-p 00019000 08:03 1965609    /usr/lib/i386-linux-gnu/librtmp.so.0
658cf000-65902000 r-xp 00000000 08:03 1968740    /usr/lib/i386-linux-gnu/i686/cmov/libavutil.so.52.18.100
65902000-65903000 r--p 00032000 08:03 1968740    /usr/lib/i386-linux-gnu/i686/cmov/libavutil.so.52.18.100
65903000-65904000 rw-p 00033000 08:03 1968740    /usr/lib/i386-linux-gnu/i686/cmov/libavutil.so.52.18.100
65904000-65908000 rw-p 00000000 00:00 0 
65908000-6600e000 r-xp 00000000 08:03 1969927    /usr/lib/i386-linux-gnu/i686/cmov/libavcodec.so.54.92.100
6600e000-6600f000 r--p 00706000 08:03 1969927    /usr/lib/i386-linux-gnu/i686/cmov/libavcodec.so.54.92.100
6600f000-66022000 rw-p 00707000 08:03 1969927    /usr/lib/i386-linux-gnu/i686/cmov/libavcodec.so.54.92.100
66022000-665b5000 rw-p 00000000 00:00 0 
665b5000-66735000 r-xp 00000000 08:03 1968674    /usr/lib/i386-linux-gnu/i686/cmov/libavformat.so.54.63.104
66735000-66736000 r--p 0017f000 08:03 1968674    /usr/lib/i386-linux-gnu/i686/cmov/libavformat.so.54.63.104
66736000-66740000 rw-p 00180000 08:03 1968674    /usr/lib/i386-linux-gnu/i686/cmov/libavformat.so.54.63.104
66740000-66745000 r--s 00000000 08:05 1047573    /var/cache/fontconfig/3047814df9a2f067bd2d96a2b9c36e5a-le32d4.cache-4
66745000-6675c000 r-xp 00000000 08:03 1969933    /usr/lib/jvm/java-7-openjdk-i386/jre/lib/i386/libnet.so
6675c000-6675d000 r--p 00016000 08:03 1969933    /usr/lib/jvm/java-7-openjdk-i386/jre/lib/i386/libnet.so
6675d000-6675e000 rw-p 00017000 08:03 1969933    /usr/lib/jvm/java-7-openjdk-i386/jre/lib/i386/libnet.so
6675e000-66761000 ---p 00000000 00:00 0 
66761000-667af000 rwxp 00000000 00:00 0          [stack:9874]
667af000-667b2000 ---p 00000000 00:00 0 
667b2000-66800000 rwxp 00000000 00:00 0          [stack:9873]
66800000-668fc000 rw-p 00000000 00:00 0 
668fc000-66900000 ---p 00000000 00:00 0 
66900000-6690f000 r-xp 00000000 08:03 1970577    /usr/lib/i386-linux-gnu/libgsm.so.1.0.12
6690f000-66910000 r--p 0000e000 08:03 1970577    /usr/lib/i386-linux-gnu/libgsm.so.1.0.12
66910000-66911000 rw-p 0000f000 08:03 1970577    /usr/lib/i386-linux-gnu/libgsm.so.1.0.12
66911000-66914000 ---p 00000000 00:00 0 
66914000-66962000 rwxp 00000000 00:00 0          [stack:9872]
66962000-66966000 r-xp 00000000 08:03 1964788    /usr/lib/i386-linux-gnu/libXfixes.so.3.1.0
66966000-66967000 r--p 00003000 08:03 1964788    /usr/lib/i386-linux-gnu/libXfixes.so.3.1.0
66967000-66968000 rw-p 00004000 08:03 1964788    /usr/lib/i386-linux-gnu/libXfixes.so.3.1.0
66968000-66969000 r--s 00000000 08:05 1047576    /var/cache/fontconfig/dc05db6664285cc2f12bf69c139ae4c3-le32d4.cache-4
66969000-6696d000 r--s 00000000 08:05 1047570    /var/cache/fontconfig/b47c4e1ecd0709278f4910c18777a504-le32d4.cache-4
6696d000-66974000 r-xp 00000000 08:03 1965492    /usr/lib/i386-linux-gnu/libogg.so.0.8.1
66974000-66975000 r--p 00006000 08:03 1965492    /usr/lib/i386-linux-gnu/libogg.so.0.8.1
66975000-66976000 rw-p 00007000 08:03 1965492    /usr/lib/i386-linux-gnu/libogg.so.0.8.1
66976000-66980000 r-xp 00000000 08:07 45         /tmp/jna9108219336677703571.so
66980000-66981000 rw-p 00009000 08:07 45         /tmp/jna9108219336677703571.so
66981000-66986000 r--s 0004c000 08:03 1974796    /usr/lib/jvm/java-7-openjdk-i386/jre/lib/jsse.jar
66986000-66989000 ---p 00000000 00:00 0 
66989000-669d7000 rwxp 00000000 00:00 0          [stack:9871]
669d7000-669f8000 r--p 00000000 08:03 800398     /usr/share/locale-langpack/zh_TW/LC_MESSAGES/libc.mo
669f8000-669fb000 r-xp 00000000 08:02 391170     /lib/i386-linux-gnu/libgpg-error.so.0.10.0
669fb000-669fc000 r--p 00002000 08:02 391170     /lib/i386-linux-gnu/libgpg-error.so.0.10.0
669fc000-669fd000 rw-p 00003000 08:02 391170     /lib/i386-linux-gnu/libgpg-error.so.0.10.0
669fd000-669ff000 r-xp 00000000 08:02 391180     /lib/i386-linux-gnu/libkeyutils.so.1.4
669ff000-66a00000 r--p 00002000 08:02 391180     /lib/i386-linux-gnu/libkeyutils.so.1.4
66a00000-66a01000 rw-p 00003000 08:02 391180     /lib/i386-linux-gnu/libkeyutils.so.1.4
66a01000-66a3d000 r-xp 00000000 08:02 391240     /lib/i386-linux-gnu/libpcre.so.3.13.1
66a3d000-66a3e000 r--p 0003b000 08:02 391240     /lib/i386-linux-gnu/libpcre.so.3.13.1
66a3e000-66a3f000 rw-p 0003c000 08:02 391240     /lib/i386-linux-gnu/libpcre.so.3.13.1
66a3f000-66a65000 r-xp 00000000 08:02 391252     /lib/i386-linux-gnu/libpng12.so.0.50.0
66a65000-66a66000 r--p 00025000 08:02 391252     /lib/i386-linux-gnu/libpng12.so.0.50.0
66a66000-66a67000 rw-p 00026000 08:02 391252     /lib/i386-linux-gnu/libpng12.so.0.50.0
66a67000-66ab0000 r-xp 00000000 08:02 408011     /lib/i386-linux-gnu/libdbus-1.so.3.7.6
66ab0000-66ab1000 r--p 00048000 08:02 408011     /lib/i386-linux-gnu/libdbus-1.so.3.7.6
66ab1000-66ab2000 rw-p 00049000 08:02 408011     /lib/i386-linux-gnu/libdbus-1.so.3.7.6
66ab2000-66ae9000 r-xp 00000000 08:03 1965500    /usr/lib/i386-linux-gnu/libp11-kit.so.0.0.0
66ae9000-66aea000 ---p 00037000 08:03 1965500    /usr/lib/i386-linux-gnu/libp11-kit.so.0.0.0
66aea000-66aed000 r--p 00037000 08:03 1965500    /usr/lib/i386-linux-gnu/libp11-kit.so.0.0.0
66aed000-66aee000 rw-p 0003a000 08:03 1965500    /usr/lib/i386-linux-gnu/libp11-kit.so.0.0.0
66aee000-66b00000 r-xp 00000000 08:03 1963103    /usr/lib/i386-linux-gnu/libtasn1.so.6.2.0
66b00000-66b01000 r--p 00011000 08:03 1963103    /usr/lib/i386-linux-gnu/libtasn1.so.6.2.0
66b01000-66b02000 rw-p 00012000 08:03 1963103    /usr/lib/i386-linux-gnu/libtasn1.so.6.2.0
66b02000-66b84000 r-xp 00000000 08:02 390321     /lib/i386-linux-gnu/libgcrypt.so.11.8.2
66b84000-66b85000 ---p 00082000 08:02 390321     /lib/i386-linux-gnu/libgcrypt.so.11.8.2
66b85000-66b86000 r--p 00082000 08:02 390321     /lib/i386-linux-gnu/libgcrypt.so.11.8.2
66b86000-66b88000 rw-p 00083000 08:02 390321     /lib/i386-linux-gnu/libgcrypt.so.11.8.2
66b88000-66b89000 rw-p 00000000 00:00 0 
66b89000-66b93000 r-xp 00000000 08:03 1965376    /usr/lib/i386-linux-gnu/libkrb5support.so.0.1
66b93000-66b94000 r--p 00009000 08:03 1965376    /usr/lib/i386-linux-gnu/libkrb5support.so.0.1
66b94000-66b95000 rw-p 0000a000 08:03 1965376    /usr/lib/i386-linux-gnu/libkrb5support.so.0.1
66b95000-66b98000 r-xp 00000000 08:02 391146     /lib/i386-linux-gnu/libcom_err.so.2.1
66b98000-66b99000 r--p 00002000 08:02 391146     /lib/i386-linux-gnu/libcom_err.so.2.1
66b99000-66b9a000 rw-p 00003000 08:02 391146     /lib/i386-linux-gnu/libcom_err.so.2.1
66b9a000-66bc8000 r-xp 00000000 08:03 1962839    /usr/lib/i386-linux-gnu/libk5crypto.so.3.1
66bc8000-66bc9000 r--p 0002d000 08:03 1962839    /usr/lib/i386-linux-gnu/libk5crypto.so.3.1
66bc9000-66bca000 rw-p 0002e000 08:03 1962839    /usr/lib/i386-linux-gnu/libk5crypto.so.3.1
66bca000-66c81000 r-xp 00000000 08:03 1965184    /usr/lib/i386-linux-gnu/libkrb5.so.3.3
66c81000-66c87000 r--p 000b7000 08:03 1965184    /usr/lib/i386-linux-gnu/libkrb5.so.3.3
66c87000-66c88000 rw-p 000bd000 08:03 1965184    /usr/lib/i386-linux-gnu/libkrb5.so.3.3
66c88000-66c8d000 r-xp 00000000 08:03 1964784    /usr/lib/i386-linux-gnu/libXdmcp.so.6.0.0
66c8d000-66c8e000 r--p 00004000 08:03 1964784    /usr/lib/i386-linux-gnu/libXdmcp.so.6.0.0
66c8e000-66c8f000 rw-p 00005000 08:03 1964784    /usr/lib/i386-linux-gnu/libXdmcp.so.6.0.0
66c8f000-66c94000 r-xp 00000000 08:03 1965051    /usr/lib/i386-linux-gnu/libffi.so.6.0.1
66c94000-66c95000 r--p 00005000 08:03 1965051    /usr/lib/i386-linux-gnu/libffi.so.6.0.1
66c95000-66c96000 rw-p 00006000 08:03 1965051    /usr/lib/i386-linux-gnu/libffi.so.6.0.1
66c96000-66ca9000 r-xp 00000000 08:02 408043     /lib/i386-linux-gnu/libresolv-2.19.so
66ca9000-66caa000 ---p 00013000 08:02 408043     /lib/i386-linux-gnu/libresolv-2.19.so
66caa000-66cab000 r--p 00013000 08:02 408043     /lib/i386-linux-gnu/libresolv-2.19.so
66cab000-66cac000 rw-p 00014000 08:02 408043     /lib/i386-linux-gnu/libresolv-2.19.so
66cac000-66cae000 rw-p 00000000 00:00 0 
66cae000-66cce000 r-xp 00000000 08:02 390243     /lib/i386-linux-gnu/libselinux.so.1
66cce000-66ccf000 r--p 0001f000 08:02 390243     /lib/i386-linux-gnu/libselinux.so.1
66ccf000-66cd0000 rw-p 00020000 08:02 390243     /lib/i386-linux-gnu/libselinux.so.1
66cd0000-66cd1000 rw-p 00000000 00:00 0 
66cd1000-66ddb000 r-xp 00000000 08:02 390244     /lib/i386-linux-gnu/libglib-2.0.so.0.4002.0
66ddb000-66ddc000 r--p 00109000 08:02 390244     /lib/i386-linux-gnu/libglib-2.0.so.0.4002.0
66ddc000-66ddd000 rw-p 0010a000 08:02 390244     /lib/i386-linux-gnu/libglib-2.0.so.0.4002.0
66ddd000-66e02000 r-xp 00000000 08:02 391159     /lib/i386-linux-gnu/libexpat.so.1.6.0
66e02000-66e03000 ---p 00025000 08:02 391159     /lib/i386-linux-gnu/libexpat.so.1.6.0
66e03000-66e05000 r--p 00025000 08:02 391159     /lib/i386-linux-gnu/libexpat.so.1.6.0
66e05000-66e06000 rw-p 00027000 08:02 391159     /lib/i386-linux-gnu/libexpat.so.1.6.0
66e06000-66ea0000 r-xp 00000000 08:03 1965064    /usr/lib/i386-linux-gnu/libfreetype.so.6.11.1
66ea0000-66ea1000 ---p 0009a000 08:03 1965064    /usr/lib/i386-linux-gnu/libfreetype.so.6.11.1
66ea1000-66ea5000 r--p 0009a000 08:03 1965064    /usr/lib/i386-linux-gnu/libfreetype.so.6.11.1
66ea5000-66ea6000 rw-p 0009e000 08:03 1965064    /usr/lib/i386-linux-gnu/libfreetype.so.6.11.1
66ea6000-66eb6000 r-xp 00000000 08:03 1964877    /usr/lib/i386-linux-gnu/libavahi-client.so.3.2.9
66eb6000-66eb7000 r--p 0000f000 08:03 1964877    /usr/lib/i386-linux-gnu/libavahi-client.so.3.2.9
66eb7000-66eb8000 rw-p 00010000 08:03 1964877    /usr/lib/i386-linux-gnu/libavahi-client.so.3.2.9
66eb8000-66ec4000 r-xp 00000000 08:03 1964879    /usr/lib/i386-linux-gnu/libavahi-common.so.3.5.3
66ec4000-66ec5000 r--p 0000b000 08:03 1964879    /usr/lib/i386-linux-gnu/libavahi-common.so.3.5.3
66ec5000-66ec6000 rw-p 0000c000 08:03 1964879    /usr/lib/i386-linux-gnu/libavahi-common.so.3.5.3
66ec6000-66f87000 r-xp 00000000 08:03 1965177    /usr/lib/i386-linux-gnu/libgnutls.so.26.22.6
66f87000-66f8b000 r--p 000c0000 08:03 1965177    /usr/lib/i386-linux-gnu/libgnutls.so.26.22.6
66f8b000-66f8c000 rw-p 000c4000 08:03 1965177    /usr/lib/i386-linux-gnu/libgnutls.so.26.22.6
66f8c000-66fcf000 r-xp 00000000 08:03 1963888    /usr/lib/i386-linux-gnu/libgssapi_krb5.so.2.2
66fcf000-66fd0000 r--p 00042000 08:03 1963888    /usr/lib/i386-linux-gnu/libgssapi_krb5.so.2.2
66fd0000-66fd1000 rw-p 00043000 08:03 1963888    /usr/lib/i386-linux-gnu/libgssapi_krb5.so.2.2
66fd1000-67021000 r-xp 00000000 08:03 1968510    /usr/lib/i386-linux-gnu/libgobject-2.0.so.0.4002.0
67021000-67022000 r--p 0004f000 08:03 1968510    /usr/lib/i386-linux-gnu/libgobject-2.0.so.0.4002.0
67022000-67023000 rw-p 00050000 08:03 1968510    /usr/lib/i386-linux-gnu/libgobject-2.0.so.0.4002.0
67023000-671a0000 r-xp 00000000 08:03 1968513    /usr/lib/i386-linux-gnu/libgio-2.0.so.0.4002.0
671a0000-671a2000 r--p 0017d000 08:03 1968513    /usr/lib/i386-linux-gnu/libgio-2.0.so.0.4002.0
671a2000-671a3000 rw-p 0017f000 08:03 1968513    /usr/lib/i386-linux-gnu/libgio-2.0.so.0.4002.0
671a3000-671a4000 rw-p 00000000 00:00 0 
671a4000-6720b000 r-xp 00000000 08:03 1963601    /usr/lib/i386-linux-gnu/libcups.so.2
6720b000-6720c000 ---p 00067000 08:03 1963601    /usr/lib/i386-linux-gnu/libcups.so.2
6720c000-67210000 r--p 00067000 08:03 1963601    /usr/lib/i386-linux-gnu/libcups.so.2
67210000-67211000 rw-p 0006b000 08:03 1963601    /usr/lib/i386-linux-gnu/libcups.so.2
67211000-67341000 r-xp 00000000 08:03 1964769    /usr/lib/i386-linux-gnu/libX11.so.6.3.0
67341000-67342000 r--p 00130000 08:03 1964769    /usr/lib/i386-linux-gnu/libX11.so.6.3.0
67342000-67344000 rw-p 00131000 08:03 1964769    /usr/lib/i386-linux-gnu/libX11.so.6.3.0
67344000-67345000 rw-p 00000000 00:00 0 
67345000-673d4000 r-xp 00000000 08:03 1968389    /usr/lib/jvm/java-7-openjdk-i386/jre/lib/i386/libawt.so
673d4000-673d5000 r--p 0008f000 08:03 1968389    /usr/lib/jvm/java-7-openjdk-i386/jre/lib/i386/libawt.so
673d5000-673dc000 rw-p 00090000 08:03 1968389    /usr/lib/jvm/java-7-openjdk-i386/jre/lib/i386/libawt.so
673dc000-67400000 rw-p 00000000 00:00 0 
67400000-674ff000 rw-p 00000000 00:00 0 
674ff000-67500000 ---p 00000000 00:00 0 
67500000-67501000 r--s 00000000 08:05 1047232    /var/cache/fontconfig/4794a0821666d79190d59a36cb4f44b5-le32d4.cache-4
67501000-67502000 r--s 00000000 08:05 1047572    /var/cache/fontconfig/56cf4f4769d0f4abc89a4895d7bd3ae1-le32d4.cache-4
67502000-67522000 r-xp 00000000 08:03 1965837    /usr/lib/i386-linux-gnu/libxcb.so.1.1.0
67522000-67523000 r--p 0001f000 08:03 1965837    /usr/lib/i386-linux-gnu/libxcb.so.1.1.0
67523000-67524000 rw-p 00020000 08:03 1965837    /usr/lib/i386-linux-gnu/libxcb.so.1.1.0
67524000-6755d000 r-xp 00000000 08:03 1966352    /usr/lib/i386-linux-gnu/libfontconfig.so.1.8.0
6755d000-6755e000 r--p 00039000 08:03 1966352    /usr/lib/i386-linux-gnu/libfontconfig.so.1.8.0
6755e000-6755f000 rw-p 0003a000 08:03 1966352    /usr/lib/i386-linux-gnu/libfontconfig.so.1.8.0
6755f000-6756e000 r-xp 00000000 08:03 1964794    /usr/lib/i386-linux-gnu/libXi.so.6.1.0
6756e000-6756f000 r--p 0000e000 08:03 1964794    /usr/lib/i386-linux-gnu/libXi.so.6.1.0
6756f000-67570000 rw-p 0000f000 08:03 1964794    /usr/lib/i386-linux-gnu/libXi.so.6.1.0
67570000-67575000 r-xp 00000000 08:03 1964814    /usr/lib/i386-linux-gnu/libXtst.so.6.1.0
67575000-67576000 r--p 00004000 08:03 1964814    /usr/lib/i386-linux-gnu/libXtst.so.6.1.0
67576000-67577000 rw-p 00005000 08:03 1964814    /usr/lib/i386-linux-gnu/libXtst.so.6.1.0
67577000-67588000 r-xp 00000000 08:03 1964786    /usr/lib/i386-linux-gnu/libXext.so.6.4.0
67588000-67589000 r--p 00010000 08:03 1964786    /usr/lib/i386-linux-gnu/libXext.so.6.4.0
67589000-6758a000 rw-p 00011000 08:03 1964786    /usr/lib/i386-linux-gnu/libXext.so.6.4.0
6758a000-6758b000 ---p 00000000 00:00 0 
6758b000-6760b000 rwxp 00000000 00:00 0          [stack:9870]
6760b000-6760e000 ---p 00000000 00:00 0 
6760e000-6765c000 rwxp 00000000 00:00 0          [stack:9869]
6765c000-6765f000 ---p 00000000 00:00 0 
6765f000-676dd000 rwxp 00000000 00:00 0          [stack:9868]
676dd000-676e0000 ---p 00000000 00:00 0 
676e0000-6775e000 rwxp 00000000 00:00 0          [stack:9867]
6775e000-67761000 ---p 00000000 00:00 0 
67761000-677af000 rwxp 00000000 00:00 0          [stack:9866]
677af000-679af000 r--p 00000000 08:03 1968684    /usr/lib/locale/locale-archive
679af000-679b2000 ---p 00000000 00:00 0 
679b2000-67a00000 rwxp 00000000 00:00 0          [stack:9865]
67a00000-67afd000 rw-p 00000000 00:00 0 
67afd000-67b00000 ---p 00000000 00:00 0 
67b00000-67b21000 rw-p 00000000 00:00 0 
67b21000-67c00000 ---p 00000000 00:00 0 
67c00000-67cff000 rw-p 00000000 00:00 0 
67cff000-67d00000 ---p 00000000 00:00 0 
67d00000-67d02000 r--s 00000000 08:05 1046611    /var/cache/fontconfig/e13b20fdb08344e0e664864cc2ede53d-le32d4.cache-4
67d02000-67d4a000 r-xp 00000000 08:03 1993391    /usr/lib/jvm/java-7-openjdk-i386/jre/lib/i386/xawt/libmawt.so
67d4a000-67d4b000 r--p 00047000 08:03 1993391    /usr/lib/jvm/java-7-openjdk-i386/jre/lib/i386/xawt/libmawt.so
67d4b000-67d4d000 rw-p 00048000 08:03 1993391    /usr/lib/jvm/java-7-openjdk-i386/jre/lib/i386/xawt/libmawt.so
67d4d000-67d4e000 rw-p 00000000 00:00 0 
67d4e000-67d4f000 ---p 00000000 00:00 0 
67d4f000-67dcf000 rwxp 00000000 00:00 0          [stack:9863]
67dcf000-67f80000 r--s 01d25000 08:03 1965745    /usr/lib/jvm/java-7-openjdk-i386/jre/lib/rt.jar
67f80000-6a800000 rw-p 00000000 00:00 0 
6a800000-6a8fc000 rw-p 00000000 00:00 0 
6a8fc000-6a900000 ---p 00000000 00:00 0 
6a900000-6a901000 r--s 00000000 08:05 1047571    /var/cache/fontconfig/b9d506c9ac06c20b433354fa67a72993-le32d4.cache-4
6a901000-6a903000 r-xp 00000000 08:03 1964773    /usr/lib/i386-linux-gnu/libXau.so.6.0.0
6a903000-6a904000 r--p 00001000 08:03 1964773    /usr/lib/i386-linux-gnu/libXau.so.6.0.0
6a904000-6a905000 rw-p 00002000 08:03 1964773    /usr/lib/i386-linux-gnu/libXau.so.6.0.0
6a905000-6a90e000 r-xp 00000000 08:03 1964808    /usr/lib/i386-linux-gnu/libXrender.so.1.3.0
6a90e000-6a90f000 r--p 00008000 08:03 1964808    /usr/lib/i386-linux-gnu/libXrender.so.1.3.0
6a90f000-6a910000 rw-p 00009000 08:03 1964808    /usr/lib/i386-linux-gnu/libXrender.so.1.3.0
6a910000-6a913000 r--s 00000000 08:05 1047320    /var/cache/fontconfig/7ef2298fde41cc6eeb7af42e48b7d293-le32d4.cache-4
6a913000-6a91c000 r-xp 00000000 08:03 1964780    /usr/lib/i386-linux-gnu/libXcursor.so.1.0.2
6a91c000-6a91d000 r--p 00008000 08:03 1964780    /usr/lib/i386-linux-gnu/libXcursor.so.1.0.2
6a91d000-6a91e000 rw-p 00009000 08:03 1964780    /usr/lib/i386-linux-gnu/libXcursor.so.1.0.2
6a91e000-6a927000 r--s 000b9000 08:03 1990943    /usr/lib/jvm/java-7-openjdk-i386/jre/lib/resources.jar
6a927000-6a92e000 r--s 00000000 08:03 1975254    /usr/lib/i386-linux-gnu/gconv/gconv-modules.cache
6a92e000-6a931000 ---p 00000000 00:00 0 
6a931000-6a97f000 rwxp 00000000 00:00 0          [stack:9864]
6a97f000-6a980000 ---p 00000000 00:00 0 
6a980000-6aa00000 rwxp 00000000 00:00 0          [stack:9862]
6aa00000-6aa21000 rw-p 00000000 00:00 0 
6aa21000-6ab00000 ---p 00000000 00:00 0 
6ab00000-6ab21000 rw-p 00000000 00:00 0 
6ab21000-6ac00000 ---p 00000000 00:00 0 
6ac00000-6ac01000 r--s 00000000 08:05 1047561    /var/cache/fontconfig/0c9eb80ebd1c36541ebe2852d3bb0c49-le32d4.cache-4
6ac01000-6ac04000 r-xp 00000000 08:03 1968514    /usr/lib/i386-linux-gnu/libgmodule-2.0.so.0.4002.0
6ac04000-6ac05000 r--p 00002000 08:03 1968514    /usr/lib/i386-linux-gnu/libgmodule-2.0.so.0.4002.0
6ac05000-6ac06000 rw-p 00003000 08:03 1968514    /usr/lib/i386-linux-gnu/libgmodule-2.0.so.0.4002.0
6ac06000-6ac08000 r--s 0000c000 08:09 14815594   /home/ws23/Code/research/fmj/lib/jheora-patch.jar
6ac08000-6ac0a000 r--s 00009000 08:09 14815602   /home/ws23/Code/research/fmj/lib/theora-java.jar
6ac0a000-6ac0c000 r--s 0000e000 08:09 14815591   /home/ws23/Code/research/fmj/lib/ffmpeg-java.jar
6ac0c000-6ac0f000 r--s 0003f000 08:09 14815596   /home/ws23/Code/research/fmj/lib/jna.jar
6ac0f000-6ac17000 r--s 0003b000 08:09 14815592   /home/ws23/Code/research/fmj/lib/gstreamer-java.jar
6ac17000-6ac19000 r--s 00017000 08:09 14815599   /home/ws23/Code/research/fmj/lib/jspeex.jar
6ac19000-6ac1b000 r--s 00002000 08:09 14815604   /home/ws23/Code/research/fmj/lib/vorbisspi1.0.2.jar
6ac1b000-6ac1c000 r--s 00001000 08:09 14815597   /home/ws23/Code/research/fmj/lib/jogg-0.0.7.jar
6ac1c000-6ac1f000 r--s 00017000 08:09 14815603   /home/ws23/Code/research/fmj/lib/tritonus_share.jar
6ac1f000-6ac22000 r--s 00017000 08:09 14815595   /home/ws23/Code/research/fmj/lib/jl1.0.jar
6ac22000-6ac36000 r--s 000e2000 08:09 14815588   /home/ws23/Code/research/fmj/fmj.jar
6ac36000-6ac7f000 rw-p 00000000 00:00 0 
6ac7f000-6ac80000 ---p 00000000 00:00 0 
6ac80000-6ad00000 rwxp 00000000 00:00 0          [stack:9861]
6ad00000-6ad21000 rw-p 00000000 00:00 0 
6ad21000-6ae00000 ---p 00000000 00:00 0 
6ae00000-6ae02000 r--s 0000d000 08:09 14815598   /home/ws23/Code/research/fmj/lib/jorbis-0.0.15.jar
6ae02000-6ae0c000 r--s 00203000 08:03 1990936    /usr/lib/jvm/java-7-openjdk-i386/jre/lib/charsets.jar
6ae0c000-6ae67000 rw-p 00000000 00:00 0 
6ae67000-6ae68000 ---p 00000000 00:00 0 
6ae68000-6aee8000 rwxp 00000000 00:00 0          [stack:9860]
6aee8000-6aee9000 ---p 00000000 00:00 0 
6aee9000-6af69000 rwxp 00000000 00:00 0          [stack:9859]
6af69000-6af71000 rw-p 00000000 00:00 0 
6af71000-6afa9000 rw-p 00000000 00:00 0 
6afa9000-6afbf000 rw-p 00000000 00:00 0 
6afbf000-6b0ff000 rw-p 00000000 00:00 0 
6b0ff000-6b107000 rw-p 00000000 00:00 0 
6b107000-6b13f000 rw-p 00000000 00:00 0 
6b13f000-6b155000 rw-p 00000000 00:00 0 
6b155000-6b294000 rw-p 00000000 00:00 0 
6b294000-6b2a8000 rw-p 00000000 00:00 0 
6b2a8000-6b33f000 rw-p 00000000 00:00 0 
6b33f000-6c340000 rw-p 00000000 00:00 0 
6c340000-73340000 rw-p 00000000 00:00 0 
73340000-75dc0000 rw-p 00000000 00:00 0 
75dc0000-9ddc0000 rw-p 00000000 00:00 0 
9ddc0000-a03c0000 rw-p 00000000 00:00 0 
a03c0000-b3340000 rw-p 00000000 00:00 0 
b3340000-b3349000 rw-p 00000000 00:00 0 
b3349000-b3400000 rw-p 00000000 00:00 0 
b3400000-b3640000 rwxp 00000000 00:00 0 
b3640000-b64ff000 rw-p 00000000 00:00 0 
b64ff000-b6500000 ---p 00000000 00:00 0 
b6500000-b6503000 r--s 0000e000 08:09 14815600   /home/ws23/Code/research/fmj/lib/lti-civil-no_s_w_t.jar
b6503000-b6506000 r--s 00023000 08:09 14815593   /home/ws23/Code/research/fmj/lib/jdom.jar
b6506000-b650a000 r--s 0003c000 08:03 1990939    /usr/lib/jvm/java-7-openjdk-i386/jre/lib/ext/sunpkcs11.jar
b650a000-b650d000 r--s 0000f000 08:03 1990938    /usr/lib/jvm/java-7-openjdk-i386/jre/lib/ext/icedtea-sound.jar
b650d000-b6528000 rw-p 00000000 00:00 0 
b6528000-b6533000 r-xp 00000000 08:02 408030     /lib/i386-linux-gnu/libnss_files-2.19.so
b6533000-b6534000 r--p 0000a000 08:02 408030     /lib/i386-linux-gnu/libnss_files-2.19.so
b6534000-b6535000 rw-p 0000b000 08:02 408030     /lib/i386-linux-gnu/libnss_files-2.19.so
b6535000-b653f000 r-xp 00000000 08:02 408037     /lib/i386-linux-gnu/libnss_nis-2.19.so
b653f000-b6540000 r--p 00009000 08:02 408037     /lib/i386-linux-gnu/libnss_nis-2.19.so
b6540000-b6541000 rw-p 0000a000 08:02 408037     /lib/i386-linux-gnu/libnss_nis-2.19.so
b6541000-b6556000 r-xp 00000000 08:02 408034     /lib/i386-linux-gnu/libnsl-2.19.so
b6556000-b6557000 r--p 00015000 08:02 408034     /lib/i386-linux-gnu/libnsl-2.19.so
b6557000-b6558000 rw-p 00016000 08:02 408034     /lib/i386-linux-gnu/libnsl-2.19.so
b6558000-b655a000 rw-p 00000000 00:00 0 
b655a000-b655b000 r--s 00005000 08:09 14815601   /home/ws23/Code/research/fmj/lib/mp3spi1.9.4.jar
b655b000-b655d000 r--s 00012000 08:03 1990940    /usr/lib/jvm/java-7-openjdk-i386/jre/lib/ext/zipfs.jar
b655d000-b655e000 r--s 00002000 08:03 1990941    /usr/lib/jvm/java-7-openjdk-i386/jre/lib/ext/dnsns.jar
b655e000-b6562000 r--s 00085000 08:03 1990942    /usr/lib/jvm/java-7-openjdk-i386/jre/lib/ext/localedata.jar
b6562000-b6566000 r--s 00034000 08:03 1990937    /usr/lib/jvm/java-7-openjdk-i386/jre/lib/ext/sunjce_provider.jar
b6566000-b656e000 r-xp 00000000 08:03 1968327    /usr/lib/jvm/java-7-openjdk-i386/jre/lib/i386/libzip.so
b656e000-b656f000 r--p 00007000 08:03 1968327    /usr/lib/jvm/java-7-openjdk-i386/jre/lib/i386/libzip.so
b656f000-b6570000 rw-p 00008000 08:03 1968327    /usr/lib/jvm/java-7-openjdk-i386/jre/lib/i386/libzip.so
b6570000-b6578000 rw-s 00000000 08:07 130052     /tmp/hsperfdata_ws23/9857
b6578000-b659f000 r-xp 00000000 08:03 1968326    /usr/lib/jvm/java-7-openjdk-i386/jre/lib/i386/libjava.so
b659f000-b65a0000 r--p 00026000 08:03 1968326    /usr/lib/jvm/java-7-openjdk-i386/jre/lib/i386/libjava.so
b65a0000-b65a1000 rw-p 00027000 08:03 1968326    /usr/lib/jvm/java-7-openjdk-i386/jre/lib/i386/libjava.so
b65a1000-b65a8000 r-xp 00000000 08:02 408045     /lib/i386-linux-gnu/librt-2.19.so
b65a8000-b65a9000 r--p 00006000 08:02 408045     /lib/i386-linux-gnu/librt-2.19.so
b65a9000-b65aa000 rw-p 00007000 08:02 408045     /lib/i386-linux-gnu/librt-2.19.so
b65aa000-b65ad000 ---p 00000000 00:00 0 
b65ad000-b65fb000 rwxp 00000000 00:00 0          [stack:9858]
b65fb000-b6617000 r-xp 00000000 08:02 390255     /lib/i386-linux-gnu/libgcc_s.so.1
b6617000-b6618000 rw-p 0001b000 08:02 390255     /lib/i386-linux-gnu/libgcc_s.so.1
b6618000-b665c000 r-xp 00000000 08:02 408031     /lib/i386-linux-gnu/libm-2.19.so
b665c000-b665d000 r--p 00043000 08:02 408031     /lib/i386-linux-gnu/libm-2.19.so
b665d000-b665e000 rw-p 00044000 08:02 408031     /lib/i386-linux-gnu/libm-2.19.so
b665e000-b673a000 r-xp 00000000 08:03 1965677    /usr/lib/i386-linux-gnu/libstdc++.so.6.0.19
b673a000-b673b000 ---p 000dc000 08:03 1965677    /usr/lib/i386-linux-gnu/libstdc++.so.6.0.19
b673b000-b673f000 r--p 000dc000 08:03 1965677    /usr/lib/i386-linux-gnu/libstdc++.so.6.0.19
b673f000-b6740000 rw-p 000e0000 08:03 1965677    /usr/lib/i386-linux-gnu/libstdc++.so.6.0.19
b6740000-b6747000 rw-p 00000000 00:00 0 
b6747000-b7132000 r-xp 00000000 08:03 1969936    /usr/lib/jvm/java-7-openjdk-i386/jre/lib/i386/server/libjvm.so
b7132000-b7133000 ---p 009eb000 08:03 1969936    /usr/lib/jvm/java-7-openjdk-i386/jre/lib/i386/server/libjvm.so
b7133000-b7185000 r--p 009eb000 08:03 1969936    /usr/lib/jvm/java-7-openjdk-i386/jre/lib/i386/server/libjvm.so
b7185000-b7199000 rw-p 00a3d000 08:03 1969936    /usr/lib/jvm/java-7-openjdk-i386/jre/lib/i386/server/libjvm.so
b7199000-b75b7000 rw-p 00000000 00:00 0 
b75b7000-b75cf000 r-xp 00000000 08:02 391300     /lib/i386-linux-gnu/libz.so.1.2.8
b75cf000-b75d0000 r--p 00017000 08:02 391300     /lib/i386-linux-gnu/libz.so.1.2.8
b75d0000-b75d1000 rw-p 00018000 08:02 391300     /lib/i386-linux-gnu/libz.so.1.2.8
b75d1000-b75e9000 r-xp 00000000 08:02 408044     /lib/i386-linux-gnu/libpthread-2.19.so
b75e9000-b75ea000 r--p 00017000 08:02 408044     /lib/i386-linux-gnu/libpthread-2.19.so
b75ea000-b75eb000 rw-p 00018000 08:02 408044     /lib/i386-linux-gnu/libpthread-2.19.so
b75eb000-b75ed000 rw-p 00000000 00:00 0 
b75ed000-b75f0000 r-xp 00000000 08:02 408041     /lib/i386-linux-gnu/libdl-2.19.so
b75f0000-b75f1000 r--p 00002000 08:02 408041     /lib/i386-linux-gnu/libdl-2.19.so
b75f1000-b75f2000 rw-p 00003000 08:02 408041     /lib/i386-linux-gnu/libdl-2.19.so
b75f2000-b779b000 r-xp 00000000 08:02 408028     /lib/i386-linux-gnu/libc-2.19.so
b779b000-b779d000 r--p 001a8000 08:02 408028     /lib/i386-linux-gnu/libc-2.19.so
b779d000-b779e000 rw-p 001aa000 08:02 408028     /lib/i386-linux-gnu/libc-2.19.so
b779e000-b77a1000 rw-p 00000000 00:00 0 
b77a1000-b77a3000 r--s 00006000 08:03 813235     /usr/share/java/java-atk-wrapper.jar
b77a3000-b77a4000 r--p 00859000 08:03 1968684    /usr/lib/locale/locale-archive
b77a4000-b77ab000 r-xp 00000000 08:02 408038     /lib/i386-linux-gnu/libnss_compat-2.19.so
b77ab000-b77ac000 r--p 00006000 08:02 408038     /lib/i386-linux-gnu/libnss_compat-2.19.so
b77ac000-b77ad000 rw-p 00007000 08:02 408038     /lib/i386-linux-gnu/libnss_compat-2.19.so
b77ad000-b77ae000 rw-p 00000000 00:00 0 
b77ae000-b77af000 r--p 00000000 00:00 0 
b77af000-b77bd000 r-xp 00000000 08:03 1973166    /usr/lib/jvm/java-7-openjdk-i386/jre/lib/i386/libverify.so
b77bd000-b77be000 r--p 0000d000 08:03 1973166    /usr/lib/jvm/java-7-openjdk-i386/jre/lib/i386/libverify.so
b77be000-b77bf000 rw-p 0000e000 08:03 1973166    /usr/lib/jvm/java-7-openjdk-i386/jre/lib/i386/libverify.so
b77bf000-b77cb000 r-xp 00000000 08:03 1973170    /usr/lib/jvm/java-7-openjdk-i386/jre/lib/i386/jli/libjli.so
b77cb000-b77cc000 r--p 0000c000 08:03 1973170    /usr/lib/jvm/java-7-openjdk-i386/jre/lib/i386/jli/libjli.so
b77cc000-b77cd000 rw-p 0000d000 08:03 1973170    /usr/lib/jvm/java-7-openjdk-i386/jre/lib/i386/jli/libjli.so
b77cd000-b77d0000 rw-p 00000000 00:00 0 
b77d0000-b77d1000 r-xp 00000000 00:00 0          [vdso]
b77d1000-b77f1000 r-xp 00000000 08:02 408027     /lib/i386-linux-gnu/ld-2.19.so
b77f1000-b77f2000 r--p 0001f000 08:02 408027     /lib/i386-linux-gnu/ld-2.19.so
b77f2000-b77f3000 rw-p 00020000 08:02 408027     /lib/i386-linux-gnu/ld-2.19.so
bfbaf000-bfbb0000 rwxp 00000000 00:00 0 
bfbe2000-bfc01000 rwxp 00000000 00:00 0          [stack]
bfc01000-bfc03000 rw-p 00000000 00:00 0 

VM Arguments:
jvm_args: -Djava.library.path=native/linux-x86 
java_command: net.sf.fmj.ui.registry.RegistryEditorPanel
Launcher Type: SUN_STANDARD

Environment Variables:
CLASSPATH=/home/ws23/Code/research/fmj/fmj.jar:/home/ws23/Code/research/fmj/fmj-applet.jar:/home/ws23/Code/research/fmj/fmj-nojmf.jar:.
PATH=/usr/local/sbin:/usr/local/bin:/usr/sbin:/usr/bin:/sbin:/bin:/usr/games:/usr/local/games
SHELL=/bin/bash
DISPLAY=:0

Signal Handlers:
SIGSEGV: [libjvm.so+0x80a5e0], sa_mask[0]=0x7ffbfeff, sa_flags=0x10000004
SIGBUS: [libjvm.so+0x80a5e0], sa_mask[0]=0x7ffbfeff, sa_flags=0x10000004
SIGFPE: [libjvm.so+0x6844f0], sa_mask[0]=0x7ffbfeff, sa_flags=0x10000004
SIGPIPE: [libjvm.so+0x6844f0], sa_mask[0]=0x7ffbfeff, sa_flags=0x10000004
SIGXFSZ: [libjvm.so+0x6844f0], sa_mask[0]=0x7ffbfeff, sa_flags=0x10000004
SIGILL: [libjvm.so+0x6844f0], sa_mask[0]=0x7ffbfeff, sa_flags=0x10000004
SIGUSR1: SIG_DFL, sa_mask[0]=0x00000000, sa_flags=0x00000000
SIGUSR2: [libjvm.so+0x684380], sa_mask[0]=0x00000000, sa_flags=0x10000004
SIGHUP: [libjvm.so+0x6845b0], sa_mask[0]=0x7ffbfeff, sa_flags=0x10000004
SIGINT: [libjvm.so+0x6845b0], sa_mask[0]=0x7ffbfeff, sa_flags=0x10000004
SIGTERM: [libjvm.so+0x6845b0], sa_mask[0]=0x7ffbfeff, sa_flags=0x10000004
SIGQUIT: [libjvm.so+0x6845b0], sa_mask[0]=0x7ffbfeff, sa_flags=0x10000004
SIGTRAP: SIG_DFL, sa_mask[0]=0x00000000, sa_flags=0x00000000


---------------  S Y S T E M  ---------------

OS:Ubuntu 14.04 (trusty)
uname:Linux 3.13.0-41-generic #70-Ubuntu SMP Tue Nov 25 14:41:08 UTC 2014 i686
libc:glibc 2.19 NPTL 2.19 
rlimit: STACK 8192k, CORE 0k, NPROC 62934, NOFILE 4096, AS infinity
load average:1.16 1.18 0.96

/proc/meminfo:
MemTotal:        8074832 kB
MemFree:          521360 kB
Buffers:          407056 kB
Cached:          4423332 kB
SwapCached:            0 kB
Active:          4225996 kB
Inactive:        3060048 kB
Active(anon):    2450980 kB
Inactive(anon):   880044 kB
Active(file):    1775016 kB
Inactive(file):  2180004 kB
Unevictable:         208 kB
Mlocked:             208 kB
HighTotal:       7266304 kB
HighFree:         434960 kB
LowTotal:         808528 kB
LowFree:           86400 kB
SwapTotal:      15998972 kB
SwapFree:       15998972 kB
Dirty:               772 kB
Writeback:             0 kB
AnonPages:       2455916 kB
Mapped:           499532 kB
Shmem:            875296 kB
Slab:             197248 kB
SReclaimable:     164096 kB
SUnreclaim:        33152 kB
KernelStack:        5552 kB
PageTables:        26328 kB
NFS_Unstable:          0 kB
Bounce:                0 kB
WritebackTmp:          0 kB
CommitLimit:    20036388 kB
Committed_AS:    9451216 kB
VmallocTotal:     122880 kB
VmallocUsed:       79756 kB
VmallocChunk:      34396 kB
HardwareCorrupted:     0 kB
AnonHugePages:    876544 kB
HugePages_Total:       0
HugePages_Free:        0
HugePages_Rsvd:        0
HugePages_Surp:        0
Hugepagesize:       2048 kB
DirectMap4k:       16376 kB
DirectMap2M:      894976 kB


CPU:total 4 (2 cores per cpu, 2 threads per core) family 6 model 42 stepping 7, cmov, cx8, fxsr, mmx, sse, sse2, sse3, ssse3, sse4.1, sse4.2, popcnt, avx, aes, ht, tsc, tscinvbit

/proc/cpuinfo:
processor	: 0
vendor_id	: GenuineIntel
cpu family	: 6
model		: 42
model name	: Intel(R) Core(TM) i5-2467M CPU @ 1.60GHz
stepping	: 7
microcode	: 0x25
cpu MHz		: 1601.000
cache size	: 3072 KB
physical id	: 0
siblings	: 4
core id		: 0
cpu cores	: 2
apicid		: 0
initial apicid	: 0
fdiv_bug	: no
f00f_bug	: no
coma_bug	: no
fpu		: yes
fpu_exception	: yes
cpuid level	: 13
wp		: yes
flags		: fpu vme de pse tsc msr pae mce cx8 apic sep mtrr pge mca cmov pat pse36 clflush dts acpi mmx fxsr sse sse2 ss ht tm pbe nx rdtscp lm constant_tsc arch_perfmon pebs bts xtopology nonstop_tsc aperfmperf eagerfpu pni pclmulqdq dtes64 monitor ds_cpl vmx est tm2 ssse3 cx16 xtpr pdcm pcid sse4_1 sse4_2 x2apic popcnt tsc_deadline_timer aes xsave avx lahf_lm ida arat epb xsaveopt pln pts dtherm tpr_shadow vnmi flexpriority ept vpid
bogomips	: 3192.67
clflush size	: 64
cache_alignment	: 64
address sizes	: 36 bits physical, 48 bits virtual
power management:

processor	: 1
vendor_id	: GenuineIntel
cpu family	: 6
model		: 42
model name	: Intel(R) Core(TM) i5-2467M CPU @ 1.60GHz
stepping	: 7
microcode	: 0x25
cpu MHz		: 1601.000
cache size	: 3072 KB
physical id	: 0
siblings	: 4
core id		: 0
cpu cores	: 2
apicid		: 1
initial apicid	: 1
fdiv_bug	: no
f00f_bug	: no
coma_bug	: no
fpu		: yes
fpu_exception	: yes
cpuid level	: 13
wp		: yes
flags		: fpu vme de pse tsc msr pae mce cx8 apic sep mtrr pge mca cmov pat pse36 clflush dts acpi mmx fxsr sse sse2 ss ht tm pbe nx rdtscp lm constant_tsc arch_perfmon pebs bts xtopology nonstop_tsc aperfmperf eagerfpu pni pclmulqdq dtes64 monitor ds_cpl vmx est tm2 ssse3 cx16 xtpr pdcm pcid sse4_1 sse4_2 x2apic popcnt tsc_deadline_timer aes xsave avx lahf_lm ida arat epb xsaveopt pln pts dtherm tpr_shadow vnmi flexpriority ept vpid
bogomips	: 3192.67
clflush size	: 64
cache_alignment	: 64
address sizes	: 36 bits physical, 48 bits virtual
power management:

processor	: 2
vendor_id	: GenuineIntel
cpu family	: 6
model		: 42
model name	: Intel(R) Core(TM) i5-2467M CPU @ 1.60GHz
stepping	: 7
microcode	: 0x25
cpu MHz		: 1100.000
cache size	: 3072 KB
physical id	: 0
siblings	: 4
core id		: 1
cpu cores	: 2
apicid		: 2
initial apicid	: 2
fdiv_bug	: no
f00f_bug	: no
coma_bug	: no
fpu		: yes
fpu_exception	: yes
cpuid level	: 13
wp		: yes
flags		: fpu vme de pse tsc msr pae mce cx8 apic sep mtrr pge mca cmov pat pse36 clflush dts acpi mmx fxsr sse sse2 ss ht tm pbe nx rdtscp lm constant_tsc arch_perfmon pebs bts xtopology nonstop_tsc aperfmperf eagerfpu pni pclmulqdq dtes64 monitor ds_cpl vmx est tm2 ssse3 cx16 xtpr pdcm pcid sse4_1 sse4_2 x2apic popcnt tsc_deadline_timer aes xsave avx lahf_lm ida arat epb xsaveopt pln pts dtherm tpr_shadow vnmi flexpriority ept vpid
bogomips	: 3192.67
clflush size	: 64
cache_alignment	: 64
address sizes	: 36 bits physical, 48 bits virtual
power management:

processor	: 3
vendor_id	: GenuineIntel
cpu family	: 6
model		: 42
model name	: Intel(R) Core(TM) i5-2467M CPU @ 1.60GHz
stepping	: 7
microcode	: 0x25
cpu MHz		: 1601.000
cache size	: 3072 KB
physical id	: 0
siblings	: 4
core id		: 1
cpu cores	: 2
apicid		: 3
initial apicid	: 3
fdiv_bug	: no
f00f_bug	: no
coma_bug	: no
fpu		: yes
fpu_exception	: yes
cpuid level	: 13
wp		: yes
flags		: fpu vme de pse tsc msr pae mce cx8 apic sep mtrr pge mca cmov pat pse36 clflush dts acpi mmx fxsr sse sse2 ss ht tm pbe nx rdtscp lm constant_tsc arch_perfmon pebs bts xtopology nonstop_tsc aperfmperf eagerfpu pni pclmulqdq dtes64 monitor ds_cpl vmx est tm2 ssse3 cx16 xtpr pdcm pcid sse4_1 sse4_2 x2apic popcnt tsc_deadline_timer aes xsave avx lahf_lm ida arat epb xsaveopt pln pts dtherm tpr_shadow vnmi flexpriority ept vpid
bogomips	: 3192.67
clflush size	: 64
cache_alignment	: 64
address sizes	: 36 bits physical, 48 bits virtual
power management:



Memory: 4k page, physical 8074832k(520616k free), swap 15998972k(15998972k free)

vm_info: OpenJDK Server VM (24.65-b04) for linux-x86 JRE (1.7.0_65-b32), built on Oct 22 2014 04:44:59 by "buildd" with gcc 4.8.2

time: Sat Dec  6 21:25:14 2014
elapsed time: 1 seconds

